6	7
6	8
6	18
6	20
6	21
6	26
6	28
6	30
6	31
6	40
6	42
6	45
6	46
6	48
6	52
6	64
6	66
6	67
6	68
6	77
6	84
6	85
6	95
6	96
6	102
6	107
6	109
6	112
6	116
6	118
6	127
6	142
6	149
6	152
6	156
6	175
6	176
6	184
6	195
6	196
6	201
7	8
7	18
7	20
7	21
7	26
7	28
7	30
7	31
7	40
7	42
7	45
7	46
7	48
7	52
7	64
7	66
7	67
7	68
7	77
7	84
7	85
7	95
7	96
7	102
7	107
7	109
7	112
7	116
7	118
7	127
7	142
7	149
7	152
7	156
7	175
7	176
7	184
7	195
7	196
7	201
8	18
8	20
8	21
8	26
8	28
8	30
8	31
8	40
8	42
8	45
8	46
8	48
8	52
8	64
8	66
8	67
8	68
8	77
8	84
8	85
8	95
8	96
8	102
8	107
8	109
8	112
8	116
8	118
8	127
8	142
8	149
8	152
8	156
8	175
8	176
8	184
8	195
8	196
8	201
18	20
18	21
18	26
18	28
18	30
18	31
18	40
18	42
18	45
18	46
18	48
18	52
18	64
18	66
18	67
18	68
18	77
18	84
18	85
18	95
18	96
18	102
18	107
18	109
18	112
18	116
18	118
18	127
18	142
18	149
18	152
18	156
18	175
18	176
18	184
18	195
18	196
18	201
20	21
20	26
20	28
20	30
20	31
20	40
20	42
20	45
20	46
20	48
20	52
20	64
20	66
20	67
20	68
20	77
20	84
20	85
20	95
20	96
20	102
20	107
20	109
20	112
20	116
20	118
20	127
20	142
20	149
20	152
20	156
20	175
20	176
20	184
20	195
20	196
20	201
21	26
21	28
21	30
21	31
21	40
21	42
21	45
21	46
21	48
21	52
21	64
21	66
21	67
21	68
21	77
21	84
21	85
21	95
21	96
21	102
21	107
21	109
21	112
21	116
21	118
21	127
21	142
21	149
21	152
21	156
21	175
21	176
21	184
21	195
21	196
21	201
26	28
26	30
26	31
26	40
26	42
26	45
26	46
26	48
26	52
26	64
26	66
26	67
26	68
26	77
26	84
26	85
26	95
26	96
26	102
26	107
26	109
26	112
26	116
26	118
26	127
26	142
26	149
26	152
26	156
26	175
26	176
26	184
26	195
26	196
26	201
28	30
28	31
28	40
28	42
28	45
28	46
28	48
28	52
28	64
28	66
28	67
28	68
28	77
28	84
28	85
28	95
28	96
28	102
28	107
28	109
28	112
28	116
28	118
28	127
28	142
28	149
28	152
28	156
28	175
28	176
28	184
28	195
28	196
28	201
30	31
30	40
30	42
30	45
30	46
30	48
30	52
30	64
30	66
30	67
30	68
30	77
30	84
30	85
30	95
30	96
30	102
30	107
30	109
30	112
30	116
30	118
30	127
30	142
30	149
30	152
30	156
30	175
30	176
30	184
30	195
30	196
30	201
31	40
31	42
31	45
31	46
31	48
31	52
31	64
31	66
31	67
31	68
31	77
31	84
31	85
31	95
31	96
31	102
31	107
31	109
31	112
31	116
31	118
31	127
31	142
31	149
31	152
31	156
31	175
31	176
31	184
31	195
31	196
31	201
40	42
40	45
40	46
40	48
40	52
40	64
40	66
40	67
40	68
40	77
40	84
40	85
40	95
40	96
40	102
40	107
40	109
40	112
40	116
40	118
40	127
40	142
40	149
40	152
40	156
40	175
40	176
40	184
40	195
40	196
40	201
42	45
42	46
42	48
42	52
42	64
42	66
42	67
42	68
42	77
42	84
42	85
42	95
42	96
42	102
42	107
42	109
42	112
42	116
42	118
42	127
42	142
42	149
42	152
42	156
42	175
42	176
42	184
42	195
42	196
42	201
45	46
45	48
45	52
45	64
45	66
45	67
45	68
45	77
45	84
45	85
45	95
45	96
45	102
45	107
45	109
45	112
45	116
45	118
45	127
45	142
45	149
45	152
45	156
45	175
45	176
45	184
45	195
45	196
45	201
46	48
46	52
46	64
46	66
46	67
46	68
46	77
46	84
46	85
46	95
46	96
46	102
46	107
46	109
46	112
46	116
46	118
46	127
46	142
46	149
46	152
46	156
46	175
46	176
46	184
46	195
46	196
46	201
48	52
48	64
48	66
48	67
48	68
48	77
48	84
48	85
48	95
48	96
48	102
48	107
48	109
48	112
48	116
48	118
48	127
48	142
48	149
48	152
48	156
48	175
48	176
48	184
48	195
48	196
48	201
52	64
52	66
52	67
52	68
52	77
52	84
52	85
52	95
52	96
52	102
52	107
52	109
52	112
52	116
52	118
52	127
52	142
52	149
52	152
52	156
52	175
52	176
52	184
52	195
52	196
52	201
64	66
64	67
64	68
64	77
64	84
64	85
64	95
64	96
64	102
64	107
64	109
64	112
64	116
64	118
64	127
64	142
64	149
64	152
64	156
64	175
64	176
64	184
64	195
64	196
64	201
66	67
66	68
66	77
66	84
66	85
66	95
66	96
66	102
66	107
66	109
66	112
66	116
66	118
66	127
66	142
66	149
66	152
66	156
66	175
66	176
66	184
66	195
66	196
66	201
67	68
67	77
67	84
67	85
67	95
67	96
67	102
67	107
67	109
67	112
67	116
67	118
67	127
67	142
67	149
67	152
67	156
67	175
67	176
67	184
67	195
67	196
67	201
68	77
68	84
68	85
68	95
68	96
68	102
68	107
68	109
68	112
68	116
68	118
68	127
68	142
68	149
68	152
68	156
68	175
68	176
68	184
68	195
68	196
68	201
77	84
77	85
77	95
77	96
77	102
77	107
77	109
77	112
77	116
77	118
77	127
77	142
77	149
77	152
77	156
77	175
77	176
77	184
77	195
77	196
77	201
84	85
84	95
84	96
84	102
84	107
84	109
84	112
84	116
84	118
84	127
84	142
84	149
84	152
84	156
84	175
84	176
84	184
84	195
84	196
84	201
85	95
85	96
85	102
85	107
85	109
85	112
85	116
85	118
85	127
85	142
85	149
85	152
85	156
85	175
85	176
85	184
85	195
85	196
85	201
95	96
95	102
95	107
95	109
95	112
95	116
95	118
95	127
95	142
95	149
95	152
95	156
95	175
95	176
95	184
95	195
95	196
95	201
96	102
96	107
96	109
96	112
96	116
96	118
96	127
96	142
96	149
96	152
96	156
96	175
96	176
96	184
96	195
96	196
96	201
102	107
102	109
102	112
102	116
102	118
102	127
102	142
102	149
102	152
102	156
102	175
102	176
102	184
102	195
102	196
102	201
107	109
107	112
107	116
107	118
107	127
107	142
107	149
107	152
107	156
107	175
107	176
107	184
107	195
107	196
107	201
109	112
109	116
109	118
109	127
109	142
109	149
109	152
109	156
109	175
109	176
109	184
109	195
109	196
109	201
112	116
112	118
112	127
112	142
112	149
112	152
112	156
112	175
112	176
112	184
112	195
112	196
112	201
116	118
116	127
116	142
116	149
116	152
116	156
116	175
116	176
116	184
116	195
116	196
116	201
118	127
118	142
118	149
118	152
118	156
118	175
118	176
118	184
118	195
118	196
118	201
127	142
127	149
127	152
127	156
127	175
127	176
127	184
127	195
127	196
127	201
142	149
142	152
142	156
142	175
142	176
142	184
142	195
142	196
142	201
149	152
149	156
149	175
149	176
149	184
149	195
149	196
149	201
152	156
152	175
152	176
152	184
152	195
152	196
152	201
156	175
156	176
156	184
156	195
156	196
156	201
175	176
175	184
175	195
175	196
175	201
176	184
176	195
176	196
176	201
184	195
184	196
184	201
195	196
195	201
196	201
