6	7
6	8
6	21
6	22
6	26
6	28
6	30
6	31
6	40
6	65
6	71
6	72
6	75
6	77
6	78
6	79
6	85
6	89
6	97
6	99
6	102
6	104
6	109
6	111
6	112
6	114
6	115
6	117
6	125
6	130
6	133
6	148
6	152
6	158
6	168
6	175
6	180
6	182
6	183
6	195
6	206
7	8
7	21
7	22
7	26
7	28
7	30
7	31
7	40
7	65
7	71
7	72
7	75
7	77
7	78
7	79
7	85
7	89
7	97
7	99
7	102
7	104
7	109
7	111
7	112
7	114
7	115
7	117
7	125
7	130
7	133
7	148
7	152
7	158
7	168
7	175
7	180
7	182
7	183
7	195
7	206
8	21
8	22
8	26
8	28
8	30
8	31
8	40
8	65
8	71
8	72
8	75
8	77
8	78
8	79
8	85
8	89
8	97
8	99
8	102
8	104
8	109
8	111
8	112
8	114
8	115
8	117
8	125
8	130
8	133
8	148
8	152
8	158
8	168
8	175
8	180
8	182
8	183
8	195
8	206
21	22
21	26
21	28
21	30
21	31
21	40
21	65
21	71
21	72
21	75
21	77
21	78
21	79
21	85
21	89
21	97
21	99
21	102
21	104
21	109
21	111
21	112
21	114
21	115
21	117
21	125
21	130
21	133
21	148
21	152
21	158
21	168
21	175
21	180
21	182
21	183
21	195
21	206
22	26
22	28
22	30
22	31
22	40
22	65
22	71
22	72
22	75
22	77
22	78
22	79
22	85
22	89
22	97
22	99
22	102
22	104
22	109
22	111
22	112
22	114
22	115
22	117
22	125
22	130
22	133
22	148
22	152
22	158
22	168
22	175
22	180
22	182
22	183
22	195
22	206
26	28
26	30
26	31
26	40
26	65
26	71
26	72
26	75
26	77
26	78
26	79
26	85
26	89
26	97
26	99
26	102
26	104
26	109
26	111
26	112
26	114
26	115
26	117
26	125
26	130
26	133
26	148
26	152
26	158
26	168
26	175
26	180
26	182
26	183
26	195
26	206
28	30
28	31
28	40
28	65
28	71
28	72
28	75
28	77
28	78
28	79
28	85
28	89
28	97
28	99
28	102
28	104
28	109
28	111
28	112
28	114
28	115
28	117
28	125
28	130
28	133
28	148
28	152
28	158
28	168
28	175
28	180
28	182
28	183
28	195
28	206
30	31
30	40
30	65
30	71
30	72
30	75
30	77
30	78
30	79
30	85
30	89
30	97
30	99
30	102
30	104
30	109
30	111
30	112
30	114
30	115
30	117
30	125
30	130
30	133
30	148
30	152
30	158
30	168
30	175
30	180
30	182
30	183
30	195
30	206
31	40
31	65
31	71
31	72
31	75
31	77
31	78
31	79
31	85
31	89
31	97
31	99
31	102
31	104
31	109
31	111
31	112
31	114
31	115
31	117
31	125
31	130
31	133
31	148
31	152
31	158
31	168
31	175
31	180
31	182
31	183
31	195
31	206
40	65
40	71
40	72
40	75
40	77
40	78
40	79
40	85
40	89
40	97
40	99
40	102
40	104
40	109
40	111
40	112
40	114
40	115
40	117
40	125
40	130
40	133
40	148
40	152
40	158
40	168
40	175
40	180
40	182
40	183
40	195
40	206
65	71
65	72
65	75
65	77
65	78
65	79
65	85
65	89
65	97
65	99
65	102
65	104
65	109
65	111
65	112
65	114
65	115
65	117
65	125
65	130
65	133
65	148
65	152
65	158
65	168
65	175
65	180
65	182
65	183
65	195
65	206
71	72
71	75
71	77
71	78
71	79
71	85
71	89
71	97
71	99
71	102
71	104
71	109
71	111
71	112
71	114
71	115
71	117
71	125
71	130
71	133
71	148
71	152
71	158
71	168
71	175
71	180
71	182
71	183
71	195
71	206
72	75
72	77
72	78
72	79
72	85
72	89
72	97
72	99
72	102
72	104
72	109
72	111
72	112
72	114
72	115
72	117
72	125
72	130
72	133
72	148
72	152
72	158
72	168
72	175
72	180
72	182
72	183
72	195
72	206
75	77
75	78
75	79
75	85
75	89
75	97
75	99
75	102
75	104
75	109
75	111
75	112
75	114
75	115
75	117
75	125
75	130
75	133
75	148
75	152
75	158
75	168
75	175
75	180
75	182
75	183
75	195
75	206
77	78
77	79
77	85
77	89
77	97
77	99
77	102
77	104
77	109
77	111
77	112
77	114
77	115
77	117
77	125
77	130
77	133
77	148
77	152
77	158
77	168
77	175
77	180
77	182
77	183
77	195
77	206
78	79
78	85
78	89
78	97
78	99
78	102
78	104
78	109
78	111
78	112
78	114
78	115
78	117
78	125
78	130
78	133
78	148
78	152
78	158
78	168
78	175
78	180
78	182
78	183
78	195
78	206
79	85
79	89
79	97
79	99
79	102
79	104
79	109
79	111
79	112
79	114
79	115
79	117
79	125
79	130
79	133
79	148
79	152
79	158
79	168
79	175
79	180
79	182
79	183
79	195
79	206
85	89
85	97
85	99
85	102
85	104
85	109
85	111
85	112
85	114
85	115
85	117
85	125
85	130
85	133
85	148
85	152
85	158
85	168
85	175
85	180
85	182
85	183
85	195
85	206
89	97
89	99
89	102
89	104
89	109
89	111
89	112
89	114
89	115
89	117
89	125
89	130
89	133
89	148
89	152
89	158
89	168
89	175
89	180
89	182
89	183
89	195
89	206
97	99
97	102
97	104
97	109
97	111
97	112
97	114
97	115
97	117
97	125
97	130
97	133
97	148
97	152
97	158
97	168
97	175
97	180
97	182
97	183
97	195
97	206
99	102
99	104
99	109
99	111
99	112
99	114
99	115
99	117
99	125
99	130
99	133
99	148
99	152
99	158
99	168
99	175
99	180
99	182
99	183
99	195
99	206
102	104
102	109
102	111
102	112
102	114
102	115
102	117
102	125
102	130
102	133
102	148
102	152
102	158
102	168
102	175
102	180
102	182
102	183
102	195
102	206
104	109
104	111
104	112
104	114
104	115
104	117
104	125
104	130
104	133
104	148
104	152
104	158
104	168
104	175
104	180
104	182
104	183
104	195
104	206
109	111
109	112
109	114
109	115
109	117
109	125
109	130
109	133
109	148
109	152
109	158
109	168
109	175
109	180
109	182
109	183
109	195
109	206
111	112
111	114
111	115
111	117
111	125
111	130
111	133
111	148
111	152
111	158
111	168
111	175
111	180
111	182
111	183
111	195
111	206
112	114
112	115
112	117
112	125
112	130
112	133
112	148
112	152
112	158
112	168
112	175
112	180
112	182
112	183
112	195
112	206
114	115
114	117
114	125
114	130
114	133
114	148
114	152
114	158
114	168
114	175
114	180
114	182
114	183
114	195
114	206
115	117
115	125
115	130
115	133
115	148
115	152
115	158
115	168
115	175
115	180
115	182
115	183
115	195
115	206
117	125
117	130
117	133
117	148
117	152
117	158
117	168
117	175
117	180
117	182
117	183
117	195
117	206
125	130
125	133
125	148
125	152
125	158
125	168
125	175
125	180
125	182
125	183
125	195
125	206
130	133
130	148
130	152
130	158
130	168
130	175
130	180
130	182
130	183
130	195
130	206
133	148
133	152
133	158
133	168
133	175
133	180
133	182
133	183
133	195
133	206
148	152
148	158
148	168
148	175
148	180
148	182
148	183
148	195
148	206
152	158
152	168
152	175
152	180
152	182
152	183
152	195
152	206
158	168
158	175
158	180
158	182
158	183
158	195
158	206
168	175
168	180
168	182
168	183
168	195
168	206
175	180
175	182
175	183
175	195
175	206
180	182
180	183
180	195
180	206
182	183
182	195
182	206
183	195
183	206
195	206
