6	7
6	8
6	21
6	22
6	29
6	30
6	35
6	36
6	37
6	39
6	40
6	41
6	43
6	71
6	72
6	75
6	76
6	77
6	78
6	85
6	99
6	103
6	104
6	107
6	109
6	111
6	112
6	115
6	118
6	129
6	138
6	140
6	154
6	156
6	170
6	175
6	177
6	180
6	184
6	196
6	200
7	8
7	21
7	22
7	29
7	30
7	35
7	36
7	37
7	39
7	40
7	41
7	43
7	71
7	72
7	75
7	76
7	77
7	78
7	85
7	99
7	103
7	104
7	107
7	109
7	111
7	112
7	115
7	118
7	129
7	138
7	140
7	154
7	156
7	170
7	175
7	177
7	180
7	184
7	196
7	200
8	21
8	22
8	29
8	30
8	35
8	36
8	37
8	39
8	40
8	41
8	43
8	71
8	72
8	75
8	76
8	77
8	78
8	85
8	99
8	103
8	104
8	107
8	109
8	111
8	112
8	115
8	118
8	129
8	138
8	140
8	154
8	156
8	170
8	175
8	177
8	180
8	184
8	196
8	200
21	22
21	29
21	30
21	35
21	36
21	37
21	39
21	40
21	41
21	43
21	71
21	72
21	75
21	76
21	77
21	78
21	85
21	99
21	103
21	104
21	107
21	109
21	111
21	112
21	115
21	118
21	129
21	138
21	140
21	154
21	156
21	170
21	175
21	177
21	180
21	184
21	196
21	200
22	29
22	30
22	35
22	36
22	37
22	39
22	40
22	41
22	43
22	71
22	72
22	75
22	76
22	77
22	78
22	85
22	99
22	103
22	104
22	107
22	109
22	111
22	112
22	115
22	118
22	129
22	138
22	140
22	154
22	156
22	170
22	175
22	177
22	180
22	184
22	196
22	200
29	30
29	35
29	36
29	37
29	39
29	40
29	41
29	43
29	71
29	72
29	75
29	76
29	77
29	78
29	85
29	99
29	103
29	104
29	107
29	109
29	111
29	112
29	115
29	118
29	129
29	138
29	140
29	154
29	156
29	170
29	175
29	177
29	180
29	184
29	196
29	200
30	35
30	36
30	37
30	39
30	40
30	41
30	43
30	71
30	72
30	75
30	76
30	77
30	78
30	85
30	99
30	103
30	104
30	107
30	109
30	111
30	112
30	115
30	118
30	129
30	138
30	140
30	154
30	156
30	170
30	175
30	177
30	180
30	184
30	196
30	200
35	36
35	37
35	39
35	40
35	41
35	43
35	71
35	72
35	75
35	76
35	77
35	78
35	85
35	99
35	103
35	104
35	107
35	109
35	111
35	112
35	115
35	118
35	129
35	138
35	140
35	154
35	156
35	170
35	175
35	177
35	180
35	184
35	196
35	200
36	37
36	39
36	40
36	41
36	43
36	71
36	72
36	75
36	76
36	77
36	78
36	85
36	99
36	103
36	104
36	107
36	109
36	111
36	112
36	115
36	118
36	129
36	138
36	140
36	154
36	156
36	170
36	175
36	177
36	180
36	184
36	196
36	200
37	39
37	40
37	41
37	43
37	71
37	72
37	75
37	76
37	77
37	78
37	85
37	99
37	103
37	104
37	107
37	109
37	111
37	112
37	115
37	118
37	129
37	138
37	140
37	154
37	156
37	170
37	175
37	177
37	180
37	184
37	196
37	200
39	40
39	41
39	43
39	71
39	72
39	75
39	76
39	77
39	78
39	85
39	99
39	103
39	104
39	107
39	109
39	111
39	112
39	115
39	118
39	129
39	138
39	140
39	154
39	156
39	170
39	175
39	177
39	180
39	184
39	196
39	200
40	41
40	43
40	71
40	72
40	75
40	76
40	77
40	78
40	85
40	99
40	103
40	104
40	107
40	109
40	111
40	112
40	115
40	118
40	129
40	138
40	140
40	154
40	156
40	170
40	175
40	177
40	180
40	184
40	196
40	200
41	43
41	71
41	72
41	75
41	76
41	77
41	78
41	85
41	99
41	103
41	104
41	107
41	109
41	111
41	112
41	115
41	118
41	129
41	138
41	140
41	154
41	156
41	170
41	175
41	177
41	180
41	184
41	196
41	200
43	71
43	72
43	75
43	76
43	77
43	78
43	85
43	99
43	103
43	104
43	107
43	109
43	111
43	112
43	115
43	118
43	129
43	138
43	140
43	154
43	156
43	170
43	175
43	177
43	180
43	184
43	196
43	200
71	72
71	75
71	76
71	77
71	78
71	85
71	99
71	103
71	104
71	107
71	109
71	111
71	112
71	115
71	118
71	129
71	138
71	140
71	154
71	156
71	170
71	175
71	177
71	180
71	184
71	196
71	200
72	75
72	76
72	77
72	78
72	85
72	99
72	103
72	104
72	107
72	109
72	111
72	112
72	115
72	118
72	129
72	138
72	140
72	154
72	156
72	170
72	175
72	177
72	180
72	184
72	196
72	200
75	76
75	77
75	78
75	85
75	99
75	103
75	104
75	107
75	109
75	111
75	112
75	115
75	118
75	129
75	138
75	140
75	154
75	156
75	170
75	175
75	177
75	180
75	184
75	196
75	200
76	77
76	78
76	85
76	99
76	103
76	104
76	107
76	109
76	111
76	112
76	115
76	118
76	129
76	138
76	140
76	154
76	156
76	170
76	175
76	177
76	180
76	184
76	196
76	200
77	78
77	85
77	99
77	103
77	104
77	107
77	109
77	111
77	112
77	115
77	118
77	129
77	138
77	140
77	154
77	156
77	170
77	175
77	177
77	180
77	184
77	196
77	200
78	85
78	99
78	103
78	104
78	107
78	109
78	111
78	112
78	115
78	118
78	129
78	138
78	140
78	154
78	156
78	170
78	175
78	177
78	180
78	184
78	196
78	200
85	99
85	103
85	104
85	107
85	109
85	111
85	112
85	115
85	118
85	129
85	138
85	140
85	154
85	156
85	170
85	175
85	177
85	180
85	184
85	196
85	200
99	103
99	104
99	107
99	109
99	111
99	112
99	115
99	118
99	129
99	138
99	140
99	154
99	156
99	170
99	175
99	177
99	180
99	184
99	196
99	200
103	104
103	107
103	109
103	111
103	112
103	115
103	118
103	129
103	138
103	140
103	154
103	156
103	170
103	175
103	177
103	180
103	184
103	196
103	200
104	107
104	109
104	111
104	112
104	115
104	118
104	129
104	138
104	140
104	154
104	156
104	170
104	175
104	177
104	180
104	184
104	196
104	200
107	109
107	111
107	112
107	115
107	118
107	129
107	138
107	140
107	154
107	156
107	170
107	175
107	177
107	180
107	184
107	196
107	200
109	111
109	112
109	115
109	118
109	129
109	138
109	140
109	154
109	156
109	170
109	175
109	177
109	180
109	184
109	196
109	200
111	112
111	115
111	118
111	129
111	138
111	140
111	154
111	156
111	170
111	175
111	177
111	180
111	184
111	196
111	200
112	115
112	118
112	129
112	138
112	140
112	154
112	156
112	170
112	175
112	177
112	180
112	184
112	196
112	200
115	118
115	129
115	138
115	140
115	154
115	156
115	170
115	175
115	177
115	180
115	184
115	196
115	200
118	129
118	138
118	140
118	154
118	156
118	170
118	175
118	177
118	180
118	184
118	196
118	200
129	138
129	140
129	154
129	156
129	170
129	175
129	177
129	180
129	184
129	196
129	200
138	140
138	154
138	156
138	170
138	175
138	177
138	180
138	184
138	196
138	200
140	154
140	156
140	170
140	175
140	177
140	180
140	184
140	196
140	200
154	156
154	170
154	175
154	177
154	180
154	184
154	196
154	200
156	170
156	175
156	177
156	180
156	184
156	196
156	200
170	175
170	177
170	180
170	184
170	196
170	200
175	177
175	180
175	184
175	196
175	200
177	180
177	184
177	196
177	200
180	184
180	196
180	200
184	196
184	200
196	200
