6	7
6	8
6	21
6	22
6	29
6	30
6	31
6	36
6	39
6	40
6	64
6	71
6	72
6	75
6	76
6	78
6	85
6	89
6	99
6	102
6	103
6	104
6	107
6	109
6	111
6	112
6	115
6	117
6	129
6	138
6	140
6	147
6	153
6	154
6	156
6	157
6	175
6	177
6	180
6	182
6	192
6	195
6	196
6	200
7	8
7	21
7	22
7	29
7	30
7	31
7	36
7	39
7	40
7	64
7	71
7	72
7	75
7	76
7	78
7	85
7	89
7	99
7	102
7	103
7	104
7	107
7	109
7	111
7	112
7	115
7	117
7	129
7	138
7	140
7	147
7	153
7	154
7	156
7	157
7	175
7	177
7	180
7	182
7	192
7	195
7	196
7	200
8	21
8	22
8	29
8	30
8	31
8	36
8	39
8	40
8	64
8	71
8	72
8	75
8	76
8	78
8	85
8	89
8	99
8	102
8	103
8	104
8	107
8	109
8	111
8	112
8	115
8	117
8	129
8	138
8	140
8	147
8	153
8	154
8	156
8	157
8	175
8	177
8	180
8	182
8	192
8	195
8	196
8	200
21	22
21	29
21	30
21	31
21	36
21	39
21	40
21	64
21	71
21	72
21	75
21	76
21	78
21	85
21	89
21	99
21	102
21	103
21	104
21	107
21	109
21	111
21	112
21	115
21	117
21	129
21	138
21	140
21	147
21	153
21	154
21	156
21	157
21	175
21	177
21	180
21	182
21	192
21	195
21	196
21	200
22	29
22	30
22	31
22	36
22	39
22	40
22	64
22	71
22	72
22	75
22	76
22	78
22	85
22	89
22	99
22	102
22	103
22	104
22	107
22	109
22	111
22	112
22	115
22	117
22	129
22	138
22	140
22	147
22	153
22	154
22	156
22	157
22	175
22	177
22	180
22	182
22	192
22	195
22	196
22	200
29	30
29	31
29	36
29	39
29	40
29	64
29	71
29	72
29	75
29	76
29	78
29	85
29	89
29	99
29	102
29	103
29	104
29	107
29	109
29	111
29	112
29	115
29	117
29	129
29	138
29	140
29	147
29	153
29	154
29	156
29	157
29	175
29	177
29	180
29	182
29	192
29	195
29	196
29	200
30	31
30	36
30	39
30	40
30	64
30	71
30	72
30	75
30	76
30	78
30	85
30	89
30	99
30	102
30	103
30	104
30	107
30	109
30	111
30	112
30	115
30	117
30	129
30	138
30	140
30	147
30	153
30	154
30	156
30	157
30	175
30	177
30	180
30	182
30	192
30	195
30	196
30	200
31	36
31	39
31	40
31	64
31	71
31	72
31	75
31	76
31	78
31	85
31	89
31	99
31	102
31	103
31	104
31	107
31	109
31	111
31	112
31	115
31	117
31	129
31	138
31	140
31	147
31	153
31	154
31	156
31	157
31	175
31	177
31	180
31	182
31	192
31	195
31	196
31	200
36	39
36	40
36	64
36	71
36	72
36	75
36	76
36	78
36	85
36	89
36	99
36	102
36	103
36	104
36	107
36	109
36	111
36	112
36	115
36	117
36	129
36	138
36	140
36	147
36	153
36	154
36	156
36	157
36	175
36	177
36	180
36	182
36	192
36	195
36	196
36	200
39	40
39	64
39	71
39	72
39	75
39	76
39	78
39	85
39	89
39	99
39	102
39	103
39	104
39	107
39	109
39	111
39	112
39	115
39	117
39	129
39	138
39	140
39	147
39	153
39	154
39	156
39	157
39	175
39	177
39	180
39	182
39	192
39	195
39	196
39	200
40	64
40	71
40	72
40	75
40	76
40	78
40	85
40	89
40	99
40	102
40	103
40	104
40	107
40	109
40	111
40	112
40	115
40	117
40	129
40	138
40	140
40	147
40	153
40	154
40	156
40	157
40	175
40	177
40	180
40	182
40	192
40	195
40	196
40	200
64	71
64	72
64	75
64	76
64	78
64	85
64	89
64	99
64	102
64	103
64	104
64	107
64	109
64	111
64	112
64	115
64	117
64	129
64	138
64	140
64	147
64	153
64	154
64	156
64	157
64	175
64	177
64	180
64	182
64	192
64	195
64	196
64	200
71	72
71	75
71	76
71	78
71	85
71	89
71	99
71	102
71	103
71	104
71	107
71	109
71	111
71	112
71	115
71	117
71	129
71	138
71	140
71	147
71	153
71	154
71	156
71	157
71	175
71	177
71	180
71	182
71	192
71	195
71	196
71	200
72	75
72	76
72	78
72	85
72	89
72	99
72	102
72	103
72	104
72	107
72	109
72	111
72	112
72	115
72	117
72	129
72	138
72	140
72	147
72	153
72	154
72	156
72	157
72	175
72	177
72	180
72	182
72	192
72	195
72	196
72	200
75	76
75	78
75	85
75	89
75	99
75	102
75	103
75	104
75	107
75	109
75	111
75	112
75	115
75	117
75	129
75	138
75	140
75	147
75	153
75	154
75	156
75	157
75	175
75	177
75	180
75	182
75	192
75	195
75	196
75	200
76	78
76	85
76	89
76	99
76	102
76	103
76	104
76	107
76	109
76	111
76	112
76	115
76	117
76	129
76	138
76	140
76	147
76	153
76	154
76	156
76	157
76	175
76	177
76	180
76	182
76	192
76	195
76	196
76	200
78	85
78	89
78	99
78	102
78	103
78	104
78	107
78	109
78	111
78	112
78	115
78	117
78	129
78	138
78	140
78	147
78	153
78	154
78	156
78	157
78	175
78	177
78	180
78	182
78	192
78	195
78	196
78	200
85	89
85	99
85	102
85	103
85	104
85	107
85	109
85	111
85	112
85	115
85	117
85	129
85	138
85	140
85	147
85	153
85	154
85	156
85	157
85	175
85	177
85	180
85	182
85	192
85	195
85	196
85	200
89	99
89	102
89	103
89	104
89	107
89	109
89	111
89	112
89	115
89	117
89	129
89	138
89	140
89	147
89	153
89	154
89	156
89	157
89	175
89	177
89	180
89	182
89	192
89	195
89	196
89	200
99	102
99	103
99	104
99	107
99	109
99	111
99	112
99	115
99	117
99	129
99	138
99	140
99	147
99	153
99	154
99	156
99	157
99	175
99	177
99	180
99	182
99	192
99	195
99	196
99	200
102	103
102	104
102	107
102	109
102	111
102	112
102	115
102	117
102	129
102	138
102	140
102	147
102	153
102	154
102	156
102	157
102	175
102	177
102	180
102	182
102	192
102	195
102	196
102	200
103	104
103	107
103	109
103	111
103	112
103	115
103	117
103	129
103	138
103	140
103	147
103	153
103	154
103	156
103	157
103	175
103	177
103	180
103	182
103	192
103	195
103	196
103	200
104	107
104	109
104	111
104	112
104	115
104	117
104	129
104	138
104	140
104	147
104	153
104	154
104	156
104	157
104	175
104	177
104	180
104	182
104	192
104	195
104	196
104	200
107	109
107	111
107	112
107	115
107	117
107	129
107	138
107	140
107	147
107	153
107	154
107	156
107	157
107	175
107	177
107	180
107	182
107	192
107	195
107	196
107	200
109	111
109	112
109	115
109	117
109	129
109	138
109	140
109	147
109	153
109	154
109	156
109	157
109	175
109	177
109	180
109	182
109	192
109	195
109	196
109	200
111	112
111	115
111	117
111	129
111	138
111	140
111	147
111	153
111	154
111	156
111	157
111	175
111	177
111	180
111	182
111	192
111	195
111	196
111	200
112	115
112	117
112	129
112	138
112	140
112	147
112	153
112	154
112	156
112	157
112	175
112	177
112	180
112	182
112	192
112	195
112	196
112	200
115	117
115	129
115	138
115	140
115	147
115	153
115	154
115	156
115	157
115	175
115	177
115	180
115	182
115	192
115	195
115	196
115	200
117	129
117	138
117	140
117	147
117	153
117	154
117	156
117	157
117	175
117	177
117	180
117	182
117	192
117	195
117	196
117	200
129	138
129	140
129	147
129	153
129	154
129	156
129	157
129	175
129	177
129	180
129	182
129	192
129	195
129	196
129	200
138	140
138	147
138	153
138	154
138	156
138	157
138	175
138	177
138	180
138	182
138	192
138	195
138	196
138	200
140	147
140	153
140	154
140	156
140	157
140	175
140	177
140	180
140	182
140	192
140	195
140	196
140	200
147	153
147	154
147	156
147	157
147	175
147	177
147	180
147	182
147	192
147	195
147	196
147	200
153	154
153	156
153	157
153	175
153	177
153	180
153	182
153	192
153	195
153	196
153	200
154	156
154	157
154	175
154	177
154	180
154	182
154	192
154	195
154	196
154	200
156	157
156	175
156	177
156	180
156	182
156	192
156	195
156	196
156	200
157	175
157	177
157	180
157	182
157	192
157	195
157	196
157	200
175	177
175	180
175	182
175	192
175	195
175	196
175	200
177	180
177	182
177	192
177	195
177	196
177	200
180	182
180	192
180	195
180	196
180	200
182	192
182	195
182	196
182	200
192	195
192	196
192	200
195	196
195	200
196	200
