18	20
18	26
18	28
18	29
18	35
18	36
18	39
18	40
18	42
18	45
18	46
18	48
18	52
18	71
18	72
18	75
18	76
18	78
18	84
18	85
18	99
18	103
18	104
18	107
18	111
18	115
18	118
18	129
18	138
18	140
18	154
18	156
18	161
18	177
18	180
18	190
18	195
18	196
18	200
18	201
20	26
20	28
20	29
20	35
20	36
20	39
20	40
20	42
20	45
20	46
20	48
20	52
20	71
20	72
20	75
20	76
20	78
20	84
20	85
20	99
20	103
20	104
20	107
20	111
20	115
20	118
20	129
20	138
20	140
20	154
20	156
20	161
20	177
20	180
20	190
20	195
20	196
20	200
20	201
26	28
26	29
26	35
26	36
26	39
26	40
26	42
26	45
26	46
26	48
26	52
26	71
26	72
26	75
26	76
26	78
26	84
26	85
26	99
26	103
26	104
26	107
26	111
26	115
26	118
26	129
26	138
26	140
26	154
26	156
26	161
26	177
26	180
26	190
26	195
26	196
26	200
26	201
28	29
28	35
28	36
28	39
28	40
28	42
28	45
28	46
28	48
28	52
28	71
28	72
28	75
28	76
28	78
28	84
28	85
28	99
28	103
28	104
28	107
28	111
28	115
28	118
28	129
28	138
28	140
28	154
28	156
28	161
28	177
28	180
28	190
28	195
28	196
28	200
28	201
29	35
29	36
29	39
29	40
29	42
29	45
29	46
29	48
29	52
29	71
29	72
29	75
29	76
29	78
29	84
29	85
29	99
29	103
29	104
29	107
29	111
29	115
29	118
29	129
29	138
29	140
29	154
29	156
29	161
29	177
29	180
29	190
29	195
29	196
29	200
29	201
35	36
35	39
35	40
35	42
35	45
35	46
35	48
35	52
35	71
35	72
35	75
35	76
35	78
35	84
35	85
35	99
35	103
35	104
35	107
35	111
35	115
35	118
35	129
35	138
35	140
35	154
35	156
35	161
35	177
35	180
35	190
35	195
35	196
35	200
35	201
36	39
36	40
36	42
36	45
36	46
36	48
36	52
36	71
36	72
36	75
36	76
36	78
36	84
36	85
36	99
36	103
36	104
36	107
36	111
36	115
36	118
36	129
36	138
36	140
36	154
36	156
36	161
36	177
36	180
36	190
36	195
36	196
36	200
36	201
39	40
39	42
39	45
39	46
39	48
39	52
39	71
39	72
39	75
39	76
39	78
39	84
39	85
39	99
39	103
39	104
39	107
39	111
39	115
39	118
39	129
39	138
39	140
39	154
39	156
39	161
39	177
39	180
39	190
39	195
39	196
39	200
39	201
40	42
40	45
40	46
40	48
40	52
40	71
40	72
40	75
40	76
40	78
40	84
40	85
40	99
40	103
40	104
40	107
40	111
40	115
40	118
40	129
40	138
40	140
40	154
40	156
40	161
40	177
40	180
40	190
40	195
40	196
40	200
40	201
42	45
42	46
42	48
42	52
42	71
42	72
42	75
42	76
42	78
42	84
42	85
42	99
42	103
42	104
42	107
42	111
42	115
42	118
42	129
42	138
42	140
42	154
42	156
42	161
42	177
42	180
42	190
42	195
42	196
42	200
42	201
45	46
45	48
45	52
45	71
45	72
45	75
45	76
45	78
45	84
45	85
45	99
45	103
45	104
45	107
45	111
45	115
45	118
45	129
45	138
45	140
45	154
45	156
45	161
45	177
45	180
45	190
45	195
45	196
45	200
45	201
46	48
46	52
46	71
46	72
46	75
46	76
46	78
46	84
46	85
46	99
46	103
46	104
46	107
46	111
46	115
46	118
46	129
46	138
46	140
46	154
46	156
46	161
46	177
46	180
46	190
46	195
46	196
46	200
46	201
48	52
48	71
48	72
48	75
48	76
48	78
48	84
48	85
48	99
48	103
48	104
48	107
48	111
48	115
48	118
48	129
48	138
48	140
48	154
48	156
48	161
48	177
48	180
48	190
48	195
48	196
48	200
48	201
52	71
52	72
52	75
52	76
52	78
52	84
52	85
52	99
52	103
52	104
52	107
52	111
52	115
52	118
52	129
52	138
52	140
52	154
52	156
52	161
52	177
52	180
52	190
52	195
52	196
52	200
52	201
71	72
71	75
71	76
71	78
71	84
71	85
71	99
71	103
71	104
71	107
71	111
71	115
71	118
71	129
71	138
71	140
71	154
71	156
71	161
71	177
71	180
71	190
71	195
71	196
71	200
71	201
72	75
72	76
72	78
72	84
72	85
72	99
72	103
72	104
72	107
72	111
72	115
72	118
72	129
72	138
72	140
72	154
72	156
72	161
72	177
72	180
72	190
72	195
72	196
72	200
72	201
75	76
75	78
75	84
75	85
75	99
75	103
75	104
75	107
75	111
75	115
75	118
75	129
75	138
75	140
75	154
75	156
75	161
75	177
75	180
75	190
75	195
75	196
75	200
75	201
76	78
76	84
76	85
76	99
76	103
76	104
76	107
76	111
76	115
76	118
76	129
76	138
76	140
76	154
76	156
76	161
76	177
76	180
76	190
76	195
76	196
76	200
76	201
78	84
78	85
78	99
78	103
78	104
78	107
78	111
78	115
78	118
78	129
78	138
78	140
78	154
78	156
78	161
78	177
78	180
78	190
78	195
78	196
78	200
78	201
84	85
84	99
84	103
84	104
84	107
84	111
84	115
84	118
84	129
84	138
84	140
84	154
84	156
84	161
84	177
84	180
84	190
84	195
84	196
84	200
84	201
85	99
85	103
85	104
85	107
85	111
85	115
85	118
85	129
85	138
85	140
85	154
85	156
85	161
85	177
85	180
85	190
85	195
85	196
85	200
85	201
99	103
99	104
99	107
99	111
99	115
99	118
99	129
99	138
99	140
99	154
99	156
99	161
99	177
99	180
99	190
99	195
99	196
99	200
99	201
103	104
103	107
103	111
103	115
103	118
103	129
103	138
103	140
103	154
103	156
103	161
103	177
103	180
103	190
103	195
103	196
103	200
103	201
104	107
104	111
104	115
104	118
104	129
104	138
104	140
104	154
104	156
104	161
104	177
104	180
104	190
104	195
104	196
104	200
104	201
107	111
107	115
107	118
107	129
107	138
107	140
107	154
107	156
107	161
107	177
107	180
107	190
107	195
107	196
107	200
107	201
111	115
111	118
111	129
111	138
111	140
111	154
111	156
111	161
111	177
111	180
111	190
111	195
111	196
111	200
111	201
115	118
115	129
115	138
115	140
115	154
115	156
115	161
115	177
115	180
115	190
115	195
115	196
115	200
115	201
118	129
118	138
118	140
118	154
118	156
118	161
118	177
118	180
118	190
118	195
118	196
118	200
118	201
129	138
129	140
129	154
129	156
129	161
129	177
129	180
129	190
129	195
129	196
129	200
129	201
138	140
138	154
138	156
138	161
138	177
138	180
138	190
138	195
138	196
138	200
138	201
140	154
140	156
140	161
140	177
140	180
140	190
140	195
140	196
140	200
140	201
154	156
154	161
154	177
154	180
154	190
154	195
154	196
154	200
154	201
156	161
156	177
156	180
156	190
156	195
156	196
156	200
156	201
161	177
161	180
161	190
161	195
161	196
161	200
161	201
177	180
177	190
177	195
177	196
177	200
177	201
180	190
180	195
180	196
180	200
180	201
190	195
190	196
190	200
190	201
195	196
195	200
195	201
196	200
196	201
200	201
