6	8
6	12
6	19
6	21
6	25
6	26
6	30
6	35
6	40
6	65
6	72
6	76
6	77
6	83
6	89
6	101
6	102
6	103
6	104
6	109
6	112
6	114
6	115
6	117
6	118
6	120
6	129
6	143
6	148
6	152
6	168
6	178
6	180
6	185
6	193
6	195
6	197
6	203
6	204
6	206
8	12
8	19
8	21
8	25
8	26
8	30
8	35
8	40
8	65
8	72
8	76
8	77
8	83
8	89
8	101
8	102
8	103
8	104
8	109
8	112
8	114
8	115
8	117
8	118
8	120
8	129
8	143
8	148
8	152
8	168
8	178
8	180
8	185
8	193
8	195
8	197
8	203
8	204
8	206
12	19
12	21
12	25
12	26
12	30
12	35
12	40
12	65
12	72
12	76
12	77
12	83
12	89
12	101
12	102
12	103
12	104
12	109
12	112
12	114
12	115
12	117
12	118
12	120
12	129
12	143
12	148
12	152
12	168
12	178
12	180
12	185
12	193
12	195
12	197
12	203
12	204
12	206
19	21
19	25
19	26
19	30
19	35
19	40
19	65
19	72
19	76
19	77
19	83
19	89
19	101
19	102
19	103
19	104
19	109
19	112
19	114
19	115
19	117
19	118
19	120
19	129
19	143
19	148
19	152
19	168
19	178
19	180
19	185
19	193
19	195
19	197
19	203
19	204
19	206
21	25
21	26
21	30
21	35
21	40
21	65
21	72
21	76
21	77
21	83
21	89
21	101
21	102
21	103
21	104
21	109
21	112
21	114
21	115
21	117
21	118
21	120
21	129
21	143
21	148
21	152
21	168
21	178
21	180
21	185
21	193
21	195
21	197
21	203
21	204
21	206
25	26
25	30
25	35
25	40
25	65
25	72
25	76
25	77
25	83
25	89
25	101
25	102
25	103
25	104
25	109
25	112
25	114
25	115
25	117
25	118
25	120
25	129
25	143
25	148
25	152
25	168
25	178
25	180
25	185
25	193
25	195
25	197
25	203
25	204
25	206
26	30
26	35
26	40
26	65
26	72
26	76
26	77
26	83
26	89
26	101
26	102
26	103
26	104
26	109
26	112
26	114
26	115
26	117
26	118
26	120
26	129
26	143
26	148
26	152
26	168
26	178
26	180
26	185
26	193
26	195
26	197
26	203
26	204
26	206
30	35
30	40
30	65
30	72
30	76
30	77
30	83
30	89
30	101
30	102
30	103
30	104
30	109
30	112
30	114
30	115
30	117
30	118
30	120
30	129
30	143
30	148
30	152
30	168
30	178
30	180
30	185
30	193
30	195
30	197
30	203
30	204
30	206
35	40
35	65
35	72
35	76
35	77
35	83
35	89
35	101
35	102
35	103
35	104
35	109
35	112
35	114
35	115
35	117
35	118
35	120
35	129
35	143
35	148
35	152
35	168
35	178
35	180
35	185
35	193
35	195
35	197
35	203
35	204
35	206
40	65
40	72
40	76
40	77
40	83
40	89
40	101
40	102
40	103
40	104
40	109
40	112
40	114
40	115
40	117
40	118
40	120
40	129
40	143
40	148
40	152
40	168
40	178
40	180
40	185
40	193
40	195
40	197
40	203
40	204
40	206
65	72
65	76
65	77
65	83
65	89
65	101
65	102
65	103
65	104
65	109
65	112
65	114
65	115
65	117
65	118
65	120
65	129
65	143
65	148
65	152
65	168
65	178
65	180
65	185
65	193
65	195
65	197
65	203
65	204
65	206
72	76
72	77
72	83
72	89
72	101
72	102
72	103
72	104
72	109
72	112
72	114
72	115
72	117
72	118
72	120
72	129
72	143
72	148
72	152
72	168
72	178
72	180
72	185
72	193
72	195
72	197
72	203
72	204
72	206
76	77
76	83
76	89
76	101
76	102
76	103
76	104
76	109
76	112
76	114
76	115
76	117
76	118
76	120
76	129
76	143
76	148
76	152
76	168
76	178
76	180
76	185
76	193
76	195
76	197
76	203
76	204
76	206
77	83
77	89
77	101
77	102
77	103
77	104
77	109
77	112
77	114
77	115
77	117
77	118
77	120
77	129
77	143
77	148
77	152
77	168
77	178
77	180
77	185
77	193
77	195
77	197
77	203
77	204
77	206
83	89
83	101
83	102
83	103
83	104
83	109
83	112
83	114
83	115
83	117
83	118
83	120
83	129
83	143
83	148
83	152
83	168
83	178
83	180
83	185
83	193
83	195
83	197
83	203
83	204
83	206
89	101
89	102
89	103
89	104
89	109
89	112
89	114
89	115
89	117
89	118
89	120
89	129
89	143
89	148
89	152
89	168
89	178
89	180
89	185
89	193
89	195
89	197
89	203
89	204
89	206
101	102
101	103
101	104
101	109
101	112
101	114
101	115
101	117
101	118
101	120
101	129
101	143
101	148
101	152
101	168
101	178
101	180
101	185
101	193
101	195
101	197
101	203
101	204
101	206
102	103
102	104
102	109
102	112
102	114
102	115
102	117
102	118
102	120
102	129
102	143
102	148
102	152
102	168
102	178
102	180
102	185
102	193
102	195
102	197
102	203
102	204
102	206
103	104
103	109
103	112
103	114
103	115
103	117
103	118
103	120
103	129
103	143
103	148
103	152
103	168
103	178
103	180
103	185
103	193
103	195
103	197
103	203
103	204
103	206
104	109
104	112
104	114
104	115
104	117
104	118
104	120
104	129
104	143
104	148
104	152
104	168
104	178
104	180
104	185
104	193
104	195
104	197
104	203
104	204
104	206
109	112
109	114
109	115
109	117
109	118
109	120
109	129
109	143
109	148
109	152
109	168
109	178
109	180
109	185
109	193
109	195
109	197
109	203
109	204
109	206
112	114
112	115
112	117
112	118
112	120
112	129
112	143
112	148
112	152
112	168
112	178
112	180
112	185
112	193
112	195
112	197
112	203
112	204
112	206
114	115
114	117
114	118
114	120
114	129
114	143
114	148
114	152
114	168
114	178
114	180
114	185
114	193
114	195
114	197
114	203
114	204
114	206
115	117
115	118
115	120
115	129
115	143
115	148
115	152
115	168
115	178
115	180
115	185
115	193
115	195
115	197
115	203
115	204
115	206
117	118
117	120
117	129
117	143
117	148
117	152
117	168
117	178
117	180
117	185
117	193
117	195
117	197
117	203
117	204
117	206
118	120
118	129
118	143
118	148
118	152
118	168
118	178
118	180
118	185
118	193
118	195
118	197
118	203
118	204
118	206
120	129
120	143
120	148
120	152
120	168
120	178
120	180
120	185
120	193
120	195
120	197
120	203
120	204
120	206
129	143
129	148
129	152
129	168
129	178
129	180
129	185
129	193
129	195
129	197
129	203
129	204
129	206
143	148
143	152
143	168
143	178
143	180
143	185
143	193
143	195
143	197
143	203
143	204
143	206
148	152
148	168
148	178
148	180
148	185
148	193
148	195
148	197
148	203
148	204
148	206
152	168
152	178
152	180
152	185
152	193
152	195
152	197
152	203
152	204
152	206
168	178
168	180
168	185
168	193
168	195
168	197
168	203
168	204
168	206
178	180
178	185
178	193
178	195
178	197
178	203
178	204
178	206
180	185
180	193
180	195
180	197
180	203
180	204
180	206
185	193
185	195
185	197
185	203
185	204
185	206
193	195
193	197
193	203
193	204
193	206
195	197
195	203
195	204
195	206
197	203
197	204
197	206
203	204
203	206
204	206
