6	7
6	8
6	21
6	22
6	26
6	29
6	30
6	31
6	36
6	39
6	40
6	41
6	71
6	72
6	75
6	76
6	77
6	78
6	85
6	99
6	102
6	103
6	104
6	109
6	111
6	112
6	115
6	117
6	120
6	129
6	138
6	140
6	142
6	148
6	152
6	154
6	156
6	170
6	172
6	175
6	177
6	180
6	183
6	196
6	200
7	8
7	21
7	22
7	26
7	29
7	30
7	31
7	36
7	39
7	40
7	41
7	71
7	72
7	75
7	76
7	77
7	78
7	85
7	99
7	102
7	103
7	104
7	109
7	111
7	112
7	115
7	117
7	120
7	129
7	138
7	140
7	142
7	148
7	152
7	154
7	156
7	170
7	172
7	175
7	177
7	180
7	183
7	196
7	200
8	21
8	22
8	26
8	29
8	30
8	31
8	36
8	39
8	40
8	41
8	71
8	72
8	75
8	76
8	77
8	78
8	85
8	99
8	102
8	103
8	104
8	109
8	111
8	112
8	115
8	117
8	120
8	129
8	138
8	140
8	142
8	148
8	152
8	154
8	156
8	170
8	172
8	175
8	177
8	180
8	183
8	196
8	200
21	22
21	26
21	29
21	30
21	31
21	36
21	39
21	40
21	41
21	71
21	72
21	75
21	76
21	77
21	78
21	85
21	99
21	102
21	103
21	104
21	109
21	111
21	112
21	115
21	117
21	120
21	129
21	138
21	140
21	142
21	148
21	152
21	154
21	156
21	170
21	172
21	175
21	177
21	180
21	183
21	196
21	200
22	26
22	29
22	30
22	31
22	36
22	39
22	40
22	41
22	71
22	72
22	75
22	76
22	77
22	78
22	85
22	99
22	102
22	103
22	104
22	109
22	111
22	112
22	115
22	117
22	120
22	129
22	138
22	140
22	142
22	148
22	152
22	154
22	156
22	170
22	172
22	175
22	177
22	180
22	183
22	196
22	200
26	29
26	30
26	31
26	36
26	39
26	40
26	41
26	71
26	72
26	75
26	76
26	77
26	78
26	85
26	99
26	102
26	103
26	104
26	109
26	111
26	112
26	115
26	117
26	120
26	129
26	138
26	140
26	142
26	148
26	152
26	154
26	156
26	170
26	172
26	175
26	177
26	180
26	183
26	196
26	200
29	30
29	31
29	36
29	39
29	40
29	41
29	71
29	72
29	75
29	76
29	77
29	78
29	85
29	99
29	102
29	103
29	104
29	109
29	111
29	112
29	115
29	117
29	120
29	129
29	138
29	140
29	142
29	148
29	152
29	154
29	156
29	170
29	172
29	175
29	177
29	180
29	183
29	196
29	200
30	31
30	36
30	39
30	40
30	41
30	71
30	72
30	75
30	76
30	77
30	78
30	85
30	99
30	102
30	103
30	104
30	109
30	111
30	112
30	115
30	117
30	120
30	129
30	138
30	140
30	142
30	148
30	152
30	154
30	156
30	170
30	172
30	175
30	177
30	180
30	183
30	196
30	200
31	36
31	39
31	40
31	41
31	71
31	72
31	75
31	76
31	77
31	78
31	85
31	99
31	102
31	103
31	104
31	109
31	111
31	112
31	115
31	117
31	120
31	129
31	138
31	140
31	142
31	148
31	152
31	154
31	156
31	170
31	172
31	175
31	177
31	180
31	183
31	196
31	200
36	39
36	40
36	41
36	71
36	72
36	75
36	76
36	77
36	78
36	85
36	99
36	102
36	103
36	104
36	109
36	111
36	112
36	115
36	117
36	120
36	129
36	138
36	140
36	142
36	148
36	152
36	154
36	156
36	170
36	172
36	175
36	177
36	180
36	183
36	196
36	200
39	40
39	41
39	71
39	72
39	75
39	76
39	77
39	78
39	85
39	99
39	102
39	103
39	104
39	109
39	111
39	112
39	115
39	117
39	120
39	129
39	138
39	140
39	142
39	148
39	152
39	154
39	156
39	170
39	172
39	175
39	177
39	180
39	183
39	196
39	200
40	41
40	71
40	72
40	75
40	76
40	77
40	78
40	85
40	99
40	102
40	103
40	104
40	109
40	111
40	112
40	115
40	117
40	120
40	129
40	138
40	140
40	142
40	148
40	152
40	154
40	156
40	170
40	172
40	175
40	177
40	180
40	183
40	196
40	200
41	71
41	72
41	75
41	76
41	77
41	78
41	85
41	99
41	102
41	103
41	104
41	109
41	111
41	112
41	115
41	117
41	120
41	129
41	138
41	140
41	142
41	148
41	152
41	154
41	156
41	170
41	172
41	175
41	177
41	180
41	183
41	196
41	200
71	72
71	75
71	76
71	77
71	78
71	85
71	99
71	102
71	103
71	104
71	109
71	111
71	112
71	115
71	117
71	120
71	129
71	138
71	140
71	142
71	148
71	152
71	154
71	156
71	170
71	172
71	175
71	177
71	180
71	183
71	196
71	200
72	75
72	76
72	77
72	78
72	85
72	99
72	102
72	103
72	104
72	109
72	111
72	112
72	115
72	117
72	120
72	129
72	138
72	140
72	142
72	148
72	152
72	154
72	156
72	170
72	172
72	175
72	177
72	180
72	183
72	196
72	200
75	76
75	77
75	78
75	85
75	99
75	102
75	103
75	104
75	109
75	111
75	112
75	115
75	117
75	120
75	129
75	138
75	140
75	142
75	148
75	152
75	154
75	156
75	170
75	172
75	175
75	177
75	180
75	183
75	196
75	200
76	77
76	78
76	85
76	99
76	102
76	103
76	104
76	109
76	111
76	112
76	115
76	117
76	120
76	129
76	138
76	140
76	142
76	148
76	152
76	154
76	156
76	170
76	172
76	175
76	177
76	180
76	183
76	196
76	200
77	78
77	85
77	99
77	102
77	103
77	104
77	109
77	111
77	112
77	115
77	117
77	120
77	129
77	138
77	140
77	142
77	148
77	152
77	154
77	156
77	170
77	172
77	175
77	177
77	180
77	183
77	196
77	200
78	85
78	99
78	102
78	103
78	104
78	109
78	111
78	112
78	115
78	117
78	120
78	129
78	138
78	140
78	142
78	148
78	152
78	154
78	156
78	170
78	172
78	175
78	177
78	180
78	183
78	196
78	200
85	99
85	102
85	103
85	104
85	109
85	111
85	112
85	115
85	117
85	120
85	129
85	138
85	140
85	142
85	148
85	152
85	154
85	156
85	170
85	172
85	175
85	177
85	180
85	183
85	196
85	200
99	102
99	103
99	104
99	109
99	111
99	112
99	115
99	117
99	120
99	129
99	138
99	140
99	142
99	148
99	152
99	154
99	156
99	170
99	172
99	175
99	177
99	180
99	183
99	196
99	200
102	103
102	104
102	109
102	111
102	112
102	115
102	117
102	120
102	129
102	138
102	140
102	142
102	148
102	152
102	154
102	156
102	170
102	172
102	175
102	177
102	180
102	183
102	196
102	200
103	104
103	109
103	111
103	112
103	115
103	117
103	120
103	129
103	138
103	140
103	142
103	148
103	152
103	154
103	156
103	170
103	172
103	175
103	177
103	180
103	183
103	196
103	200
104	109
104	111
104	112
104	115
104	117
104	120
104	129
104	138
104	140
104	142
104	148
104	152
104	154
104	156
104	170
104	172
104	175
104	177
104	180
104	183
104	196
104	200
109	111
109	112
109	115
109	117
109	120
109	129
109	138
109	140
109	142
109	148
109	152
109	154
109	156
109	170
109	172
109	175
109	177
109	180
109	183
109	196
109	200
111	112
111	115
111	117
111	120
111	129
111	138
111	140
111	142
111	148
111	152
111	154
111	156
111	170
111	172
111	175
111	177
111	180
111	183
111	196
111	200
112	115
112	117
112	120
112	129
112	138
112	140
112	142
112	148
112	152
112	154
112	156
112	170
112	172
112	175
112	177
112	180
112	183
112	196
112	200
115	117
115	120
115	129
115	138
115	140
115	142
115	148
115	152
115	154
115	156
115	170
115	172
115	175
115	177
115	180
115	183
115	196
115	200
117	120
117	129
117	138
117	140
117	142
117	148
117	152
117	154
117	156
117	170
117	172
117	175
117	177
117	180
117	183
117	196
117	200
120	129
120	138
120	140
120	142
120	148
120	152
120	154
120	156
120	170
120	172
120	175
120	177
120	180
120	183
120	196
120	200
129	138
129	140
129	142
129	148
129	152
129	154
129	156
129	170
129	172
129	175
129	177
129	180
129	183
129	196
129	200
138	140
138	142
138	148
138	152
138	154
138	156
138	170
138	172
138	175
138	177
138	180
138	183
138	196
138	200
140	142
140	148
140	152
140	154
140	156
140	170
140	172
140	175
140	177
140	180
140	183
140	196
140	200
142	148
142	152
142	154
142	156
142	170
142	172
142	175
142	177
142	180
142	183
142	196
142	200
148	152
148	154
148	156
148	170
148	172
148	175
148	177
148	180
148	183
148	196
148	200
152	154
152	156
152	170
152	172
152	175
152	177
152	180
152	183
152	196
152	200
154	156
154	170
154	172
154	175
154	177
154	180
154	183
154	196
154	200
156	170
156	172
156	175
156	177
156	180
156	183
156	196
156	200
170	172
170	175
170	177
170	180
170	183
170	196
170	200
172	175
172	177
172	180
172	183
172	196
172	200
175	177
175	180
175	183
175	196
175	200
177	180
177	183
177	196
177	200
180	183
180	196
180	200
183	196
183	200
196	200
