6	7
6	8
6	21
6	26
6	28
6	30
6	31
6	35
6	40
6	64
6	66
6	67
6	68
6	71
6	72
6	75
6	77
6	78
6	79
6	95
6	96
6	97
6	99
6	104
6	109
6	111
6	112
6	114
6	115
6	116
6	118
6	125
6	127
6	130
6	133
6	142
6	149
6	152
6	156
6	158
6	161
6	175
6	176
6	180
6	182
6	183
6	184
6	190
6	196
7	8
7	21
7	26
7	28
7	30
7	31
7	35
7	40
7	64
7	66
7	67
7	68
7	71
7	72
7	75
7	77
7	78
7	79
7	95
7	96
7	97
7	99
7	104
7	109
7	111
7	112
7	114
7	115
7	116
7	118
7	125
7	127
7	130
7	133
7	142
7	149
7	152
7	156
7	158
7	161
7	175
7	176
7	180
7	182
7	183
7	184
7	190
7	196
8	21
8	26
8	28
8	30
8	31
8	35
8	40
8	64
8	66
8	67
8	68
8	71
8	72
8	75
8	77
8	78
8	79
8	95
8	96
8	97
8	99
8	104
8	109
8	111
8	112
8	114
8	115
8	116
8	118
8	125
8	127
8	130
8	133
8	142
8	149
8	152
8	156
8	158
8	161
8	175
8	176
8	180
8	182
8	183
8	184
8	190
8	196
21	26
21	28
21	30
21	31
21	35
21	40
21	64
21	66
21	67
21	68
21	71
21	72
21	75
21	77
21	78
21	79
21	95
21	96
21	97
21	99
21	104
21	109
21	111
21	112
21	114
21	115
21	116
21	118
21	125
21	127
21	130
21	133
21	142
21	149
21	152
21	156
21	158
21	161
21	175
21	176
21	180
21	182
21	183
21	184
21	190
21	196
26	28
26	30
26	31
26	35
26	40
26	64
26	66
26	67
26	68
26	71
26	72
26	75
26	77
26	78
26	79
26	95
26	96
26	97
26	99
26	104
26	109
26	111
26	112
26	114
26	115
26	116
26	118
26	125
26	127
26	130
26	133
26	142
26	149
26	152
26	156
26	158
26	161
26	175
26	176
26	180
26	182
26	183
26	184
26	190
26	196
28	30
28	31
28	35
28	40
28	64
28	66
28	67
28	68
28	71
28	72
28	75
28	77
28	78
28	79
28	95
28	96
28	97
28	99
28	104
28	109
28	111
28	112
28	114
28	115
28	116
28	118
28	125
28	127
28	130
28	133
28	142
28	149
28	152
28	156
28	158
28	161
28	175
28	176
28	180
28	182
28	183
28	184
28	190
28	196
30	31
30	35
30	40
30	64
30	66
30	67
30	68
30	71
30	72
30	75
30	77
30	78
30	79
30	95
30	96
30	97
30	99
30	104
30	109
30	111
30	112
30	114
30	115
30	116
30	118
30	125
30	127
30	130
30	133
30	142
30	149
30	152
30	156
30	158
30	161
30	175
30	176
30	180
30	182
30	183
30	184
30	190
30	196
31	35
31	40
31	64
31	66
31	67
31	68
31	71
31	72
31	75
31	77
31	78
31	79
31	95
31	96
31	97
31	99
31	104
31	109
31	111
31	112
31	114
31	115
31	116
31	118
31	125
31	127
31	130
31	133
31	142
31	149
31	152
31	156
31	158
31	161
31	175
31	176
31	180
31	182
31	183
31	184
31	190
31	196
35	40
35	64
35	66
35	67
35	68
35	71
35	72
35	75
35	77
35	78
35	79
35	95
35	96
35	97
35	99
35	104
35	109
35	111
35	112
35	114
35	115
35	116
35	118
35	125
35	127
35	130
35	133
35	142
35	149
35	152
35	156
35	158
35	161
35	175
35	176
35	180
35	182
35	183
35	184
35	190
35	196
40	64
40	66
40	67
40	68
40	71
40	72
40	75
40	77
40	78
40	79
40	95
40	96
40	97
40	99
40	104
40	109
40	111
40	112
40	114
40	115
40	116
40	118
40	125
40	127
40	130
40	133
40	142
40	149
40	152
40	156
40	158
40	161
40	175
40	176
40	180
40	182
40	183
40	184
40	190
40	196
64	66
64	67
64	68
64	71
64	72
64	75
64	77
64	78
64	79
64	95
64	96
64	97
64	99
64	104
64	109
64	111
64	112
64	114
64	115
64	116
64	118
64	125
64	127
64	130
64	133
64	142
64	149
64	152
64	156
64	158
64	161
64	175
64	176
64	180
64	182
64	183
64	184
64	190
64	196
66	67
66	68
66	71
66	72
66	75
66	77
66	78
66	79
66	95
66	96
66	97
66	99
66	104
66	109
66	111
66	112
66	114
66	115
66	116
66	118
66	125
66	127
66	130
66	133
66	142
66	149
66	152
66	156
66	158
66	161
66	175
66	176
66	180
66	182
66	183
66	184
66	190
66	196
67	68
67	71
67	72
67	75
67	77
67	78
67	79
67	95
67	96
67	97
67	99
67	104
67	109
67	111
67	112
67	114
67	115
67	116
67	118
67	125
67	127
67	130
67	133
67	142
67	149
67	152
67	156
67	158
67	161
67	175
67	176
67	180
67	182
67	183
67	184
67	190
67	196
68	71
68	72
68	75
68	77
68	78
68	79
68	95
68	96
68	97
68	99
68	104
68	109
68	111
68	112
68	114
68	115
68	116
68	118
68	125
68	127
68	130
68	133
68	142
68	149
68	152
68	156
68	158
68	161
68	175
68	176
68	180
68	182
68	183
68	184
68	190
68	196
71	72
71	75
71	77
71	78
71	79
71	95
71	96
71	97
71	99
71	104
71	109
71	111
71	112
71	114
71	115
71	116
71	118
71	125
71	127
71	130
71	133
71	142
71	149
71	152
71	156
71	158
71	161
71	175
71	176
71	180
71	182
71	183
71	184
71	190
71	196
72	75
72	77
72	78
72	79
72	95
72	96
72	97
72	99
72	104
72	109
72	111
72	112
72	114
72	115
72	116
72	118
72	125
72	127
72	130
72	133
72	142
72	149
72	152
72	156
72	158
72	161
72	175
72	176
72	180
72	182
72	183
72	184
72	190
72	196
75	77
75	78
75	79
75	95
75	96
75	97
75	99
75	104
75	109
75	111
75	112
75	114
75	115
75	116
75	118
75	125
75	127
75	130
75	133
75	142
75	149
75	152
75	156
75	158
75	161
75	175
75	176
75	180
75	182
75	183
75	184
75	190
75	196
77	78
77	79
77	95
77	96
77	97
77	99
77	104
77	109
77	111
77	112
77	114
77	115
77	116
77	118
77	125
77	127
77	130
77	133
77	142
77	149
77	152
77	156
77	158
77	161
77	175
77	176
77	180
77	182
77	183
77	184
77	190
77	196
78	79
78	95
78	96
78	97
78	99
78	104
78	109
78	111
78	112
78	114
78	115
78	116
78	118
78	125
78	127
78	130
78	133
78	142
78	149
78	152
78	156
78	158
78	161
78	175
78	176
78	180
78	182
78	183
78	184
78	190
78	196
79	95
79	96
79	97
79	99
79	104
79	109
79	111
79	112
79	114
79	115
79	116
79	118
79	125
79	127
79	130
79	133
79	142
79	149
79	152
79	156
79	158
79	161
79	175
79	176
79	180
79	182
79	183
79	184
79	190
79	196
95	96
95	97
95	99
95	104
95	109
95	111
95	112
95	114
95	115
95	116
95	118
95	125
95	127
95	130
95	133
95	142
95	149
95	152
95	156
95	158
95	161
95	175
95	176
95	180
95	182
95	183
95	184
95	190
95	196
96	97
96	99
96	104
96	109
96	111
96	112
96	114
96	115
96	116
96	118
96	125
96	127
96	130
96	133
96	142
96	149
96	152
96	156
96	158
96	161
96	175
96	176
96	180
96	182
96	183
96	184
96	190
96	196
97	99
97	104
97	109
97	111
97	112
97	114
97	115
97	116
97	118
97	125
97	127
97	130
97	133
97	142
97	149
97	152
97	156
97	158
97	161
97	175
97	176
97	180
97	182
97	183
97	184
97	190
97	196
99	104
99	109
99	111
99	112
99	114
99	115
99	116
99	118
99	125
99	127
99	130
99	133
99	142
99	149
99	152
99	156
99	158
99	161
99	175
99	176
99	180
99	182
99	183
99	184
99	190
99	196
104	109
104	111
104	112
104	114
104	115
104	116
104	118
104	125
104	127
104	130
104	133
104	142
104	149
104	152
104	156
104	158
104	161
104	175
104	176
104	180
104	182
104	183
104	184
104	190
104	196
109	111
109	112
109	114
109	115
109	116
109	118
109	125
109	127
109	130
109	133
109	142
109	149
109	152
109	156
109	158
109	161
109	175
109	176
109	180
109	182
109	183
109	184
109	190
109	196
111	112
111	114
111	115
111	116
111	118
111	125
111	127
111	130
111	133
111	142
111	149
111	152
111	156
111	158
111	161
111	175
111	176
111	180
111	182
111	183
111	184
111	190
111	196
112	114
112	115
112	116
112	118
112	125
112	127
112	130
112	133
112	142
112	149
112	152
112	156
112	158
112	161
112	175
112	176
112	180
112	182
112	183
112	184
112	190
112	196
114	115
114	116
114	118
114	125
114	127
114	130
114	133
114	142
114	149
114	152
114	156
114	158
114	161
114	175
114	176
114	180
114	182
114	183
114	184
114	190
114	196
115	116
115	118
115	125
115	127
115	130
115	133
115	142
115	149
115	152
115	156
115	158
115	161
115	175
115	176
115	180
115	182
115	183
115	184
115	190
115	196
116	118
116	125
116	127
116	130
116	133
116	142
116	149
116	152
116	156
116	158
116	161
116	175
116	176
116	180
116	182
116	183
116	184
116	190
116	196
118	125
118	127
118	130
118	133
118	142
118	149
118	152
118	156
118	158
118	161
118	175
118	176
118	180
118	182
118	183
118	184
118	190
118	196
125	127
125	130
125	133
125	142
125	149
125	152
125	156
125	158
125	161
125	175
125	176
125	180
125	182
125	183
125	184
125	190
125	196
127	130
127	133
127	142
127	149
127	152
127	156
127	158
127	161
127	175
127	176
127	180
127	182
127	183
127	184
127	190
127	196
130	133
130	142
130	149
130	152
130	156
130	158
130	161
130	175
130	176
130	180
130	182
130	183
130	184
130	190
130	196
133	142
133	149
133	152
133	156
133	158
133	161
133	175
133	176
133	180
133	182
133	183
133	184
133	190
133	196
142	149
142	152
142	156
142	158
142	161
142	175
142	176
142	180
142	182
142	183
142	184
142	190
142	196
149	152
149	156
149	158
149	161
149	175
149	176
149	180
149	182
149	183
149	184
149	190
149	196
152	156
152	158
152	161
152	175
152	176
152	180
152	182
152	183
152	184
152	190
152	196
156	158
156	161
156	175
156	176
156	180
156	182
156	183
156	184
156	190
156	196
158	161
158	175
158	176
158	180
158	182
158	183
158	184
158	190
158	196
161	175
161	176
161	180
161	182
161	183
161	184
161	190
161	196
175	176
175	180
175	182
175	183
175	184
175	190
175	196
176	180
176	182
176	183
176	184
176	190
176	196
180	182
180	183
180	184
180	190
180	196
182	183
182	184
182	190
182	196
183	184
183	190
183	196
184	190
184	196
190	196
