6	7
6	8
6	21
6	22
6	29
6	30
6	31
6	36
6	39
6	68
6	71
6	72
6	75
6	76
6	77
6	78
6	85
6	99
6	102
6	103
6	104
6	109
6	111
6	112
6	115
6	117
6	129
6	138
6	140
6	149
6	152
6	154
6	157
6	175
6	177
6	180
6	195
6	200
7	8
7	21
7	22
7	29
7	30
7	31
7	36
7	39
7	68
7	71
7	72
7	75
7	76
7	77
7	78
7	85
7	99
7	102
7	103
7	104
7	109
7	111
7	112
7	115
7	117
7	129
7	138
7	140
7	149
7	152
7	154
7	157
7	175
7	177
7	180
7	195
7	200
8	21
8	22
8	29
8	30
8	31
8	36
8	39
8	68
8	71
8	72
8	75
8	76
8	77
8	78
8	85
8	99
8	102
8	103
8	104
8	109
8	111
8	112
8	115
8	117
8	129
8	138
8	140
8	149
8	152
8	154
8	157
8	175
8	177
8	180
8	195
8	200
21	22
21	29
21	30
21	31
21	36
21	39
21	68
21	71
21	72
21	75
21	76
21	77
21	78
21	85
21	99
21	102
21	103
21	104
21	109
21	111
21	112
21	115
21	117
21	129
21	138
21	140
21	149
21	152
21	154
21	157
21	175
21	177
21	180
21	195
21	200
22	29
22	30
22	31
22	36
22	39
22	68
22	71
22	72
22	75
22	76
22	77
22	78
22	85
22	99
22	102
22	103
22	104
22	109
22	111
22	112
22	115
22	117
22	129
22	138
22	140
22	149
22	152
22	154
22	157
22	175
22	177
22	180
22	195
22	200
29	30
29	31
29	36
29	39
29	68
29	71
29	72
29	75
29	76
29	77
29	78
29	85
29	99
29	102
29	103
29	104
29	109
29	111
29	112
29	115
29	117
29	129
29	138
29	140
29	149
29	152
29	154
29	157
29	175
29	177
29	180
29	195
29	200
30	31
30	36
30	39
30	68
30	71
30	72
30	75
30	76
30	77
30	78
30	85
30	99
30	102
30	103
30	104
30	109
30	111
30	112
30	115
30	117
30	129
30	138
30	140
30	149
30	152
30	154
30	157
30	175
30	177
30	180
30	195
30	200
31	36
31	39
31	68
31	71
31	72
31	75
31	76
31	77
31	78
31	85
31	99
31	102
31	103
31	104
31	109
31	111
31	112
31	115
31	117
31	129
31	138
31	140
31	149
31	152
31	154
31	157
31	175
31	177
31	180
31	195
31	200
36	39
36	68
36	71
36	72
36	75
36	76
36	77
36	78
36	85
36	99
36	102
36	103
36	104
36	109
36	111
36	112
36	115
36	117
36	129
36	138
36	140
36	149
36	152
36	154
36	157
36	175
36	177
36	180
36	195
36	200
39	68
39	71
39	72
39	75
39	76
39	77
39	78
39	85
39	99
39	102
39	103
39	104
39	109
39	111
39	112
39	115
39	117
39	129
39	138
39	140
39	149
39	152
39	154
39	157
39	175
39	177
39	180
39	195
39	200
68	71
68	72
68	75
68	76
68	77
68	78
68	85
68	99
68	102
68	103
68	104
68	109
68	111
68	112
68	115
68	117
68	129
68	138
68	140
68	149
68	152
68	154
68	157
68	175
68	177
68	180
68	195
68	200
71	72
71	75
71	76
71	77
71	78
71	85
71	99
71	102
71	103
71	104
71	109
71	111
71	112
71	115
71	117
71	129
71	138
71	140
71	149
71	152
71	154
71	157
71	175
71	177
71	180
71	195
71	200
72	75
72	76
72	77
72	78
72	85
72	99
72	102
72	103
72	104
72	109
72	111
72	112
72	115
72	117
72	129
72	138
72	140
72	149
72	152
72	154
72	157
72	175
72	177
72	180
72	195
72	200
75	76
75	77
75	78
75	85
75	99
75	102
75	103
75	104
75	109
75	111
75	112
75	115
75	117
75	129
75	138
75	140
75	149
75	152
75	154
75	157
75	175
75	177
75	180
75	195
75	200
76	77
76	78
76	85
76	99
76	102
76	103
76	104
76	109
76	111
76	112
76	115
76	117
76	129
76	138
76	140
76	149
76	152
76	154
76	157
76	175
76	177
76	180
76	195
76	200
77	78
77	85
77	99
77	102
77	103
77	104
77	109
77	111
77	112
77	115
77	117
77	129
77	138
77	140
77	149
77	152
77	154
77	157
77	175
77	177
77	180
77	195
77	200
78	85
78	99
78	102
78	103
78	104
78	109
78	111
78	112
78	115
78	117
78	129
78	138
78	140
78	149
78	152
78	154
78	157
78	175
78	177
78	180
78	195
78	200
85	99
85	102
85	103
85	104
85	109
85	111
85	112
85	115
85	117
85	129
85	138
85	140
85	149
85	152
85	154
85	157
85	175
85	177
85	180
85	195
85	200
99	102
99	103
99	104
99	109
99	111
99	112
99	115
99	117
99	129
99	138
99	140
99	149
99	152
99	154
99	157
99	175
99	177
99	180
99	195
99	200
102	103
102	104
102	109
102	111
102	112
102	115
102	117
102	129
102	138
102	140
102	149
102	152
102	154
102	157
102	175
102	177
102	180
102	195
102	200
103	104
103	109
103	111
103	112
103	115
103	117
103	129
103	138
103	140
103	149
103	152
103	154
103	157
103	175
103	177
103	180
103	195
103	200
104	109
104	111
104	112
104	115
104	117
104	129
104	138
104	140
104	149
104	152
104	154
104	157
104	175
104	177
104	180
104	195
104	200
109	111
109	112
109	115
109	117
109	129
109	138
109	140
109	149
109	152
109	154
109	157
109	175
109	177
109	180
109	195
109	200
111	112
111	115
111	117
111	129
111	138
111	140
111	149
111	152
111	154
111	157
111	175
111	177
111	180
111	195
111	200
112	115
112	117
112	129
112	138
112	140
112	149
112	152
112	154
112	157
112	175
112	177
112	180
112	195
112	200
115	117
115	129
115	138
115	140
115	149
115	152
115	154
115	157
115	175
115	177
115	180
115	195
115	200
117	129
117	138
117	140
117	149
117	152
117	154
117	157
117	175
117	177
117	180
117	195
117	200
129	138
129	140
129	149
129	152
129	154
129	157
129	175
129	177
129	180
129	195
129	200
138	140
138	149
138	152
138	154
138	157
138	175
138	177
138	180
138	195
138	200
140	149
140	152
140	154
140	157
140	175
140	177
140	180
140	195
140	200
149	152
149	154
149	157
149	175
149	177
149	180
149	195
149	200
152	154
152	157
152	175
152	177
152	180
152	195
152	200
154	157
154	175
154	177
154	180
154	195
154	200
157	175
157	177
157	180
157	195
157	200
175	177
175	180
175	195
175	200
177	180
177	195
177	200
180	195
180	200
195	200
