6	7
6	8
6	21
6	24
6	25
6	26
6	30
6	40
6	56
6	65
6	71
6	72
6	77
6	89
6	97
6	102
6	103
6	104
6	108
6	109
6	112
6	115
6	117
6	125
6	137
6	143
6	148
6	152
6	167
6	168
6	175
6	179
6	180
6	181
6	183
6	195
6	200
6	206
7	8
7	21
7	24
7	25
7	26
7	30
7	40
7	56
7	65
7	71
7	72
7	77
7	89
7	97
7	102
7	103
7	104
7	108
7	109
7	112
7	115
7	117
7	125
7	137
7	143
7	148
7	152
7	167
7	168
7	175
7	179
7	180
7	181
7	183
7	195
7	200
7	206
8	21
8	24
8	25
8	26
8	30
8	40
8	56
8	65
8	71
8	72
8	77
8	89
8	97
8	102
8	103
8	104
8	108
8	109
8	112
8	115
8	117
8	125
8	137
8	143
8	148
8	152
8	167
8	168
8	175
8	179
8	180
8	181
8	183
8	195
8	200
8	206
21	24
21	25
21	26
21	30
21	40
21	56
21	65
21	71
21	72
21	77
21	89
21	97
21	102
21	103
21	104
21	108
21	109
21	112
21	115
21	117
21	125
21	137
21	143
21	148
21	152
21	167
21	168
21	175
21	179
21	180
21	181
21	183
21	195
21	200
21	206
24	25
24	26
24	30
24	40
24	56
24	65
24	71
24	72
24	77
24	89
24	97
24	102
24	103
24	104
24	108
24	109
24	112
24	115
24	117
24	125
24	137
24	143
24	148
24	152
24	167
24	168
24	175
24	179
24	180
24	181
24	183
24	195
24	200
24	206
25	26
25	30
25	40
25	56
25	65
25	71
25	72
25	77
25	89
25	97
25	102
25	103
25	104
25	108
25	109
25	112
25	115
25	117
25	125
25	137
25	143
25	148
25	152
25	167
25	168
25	175
25	179
25	180
25	181
25	183
25	195
25	200
25	206
26	30
26	40
26	56
26	65
26	71
26	72
26	77
26	89
26	97
26	102
26	103
26	104
26	108
26	109
26	112
26	115
26	117
26	125
26	137
26	143
26	148
26	152
26	167
26	168
26	175
26	179
26	180
26	181
26	183
26	195
26	200
26	206
30	40
30	56
30	65
30	71
30	72
30	77
30	89
30	97
30	102
30	103
30	104
30	108
30	109
30	112
30	115
30	117
30	125
30	137
30	143
30	148
30	152
30	167
30	168
30	175
30	179
30	180
30	181
30	183
30	195
30	200
30	206
40	56
40	65
40	71
40	72
40	77
40	89
40	97
40	102
40	103
40	104
40	108
40	109
40	112
40	115
40	117
40	125
40	137
40	143
40	148
40	152
40	167
40	168
40	175
40	179
40	180
40	181
40	183
40	195
40	200
40	206
56	65
56	71
56	72
56	77
56	89
56	97
56	102
56	103
56	104
56	108
56	109
56	112
56	115
56	117
56	125
56	137
56	143
56	148
56	152
56	167
56	168
56	175
56	179
56	180
56	181
56	183
56	195
56	200
56	206
65	71
65	72
65	77
65	89
65	97
65	102
65	103
65	104
65	108
65	109
65	112
65	115
65	117
65	125
65	137
65	143
65	148
65	152
65	167
65	168
65	175
65	179
65	180
65	181
65	183
65	195
65	200
65	206
71	72
71	77
71	89
71	97
71	102
71	103
71	104
71	108
71	109
71	112
71	115
71	117
71	125
71	137
71	143
71	148
71	152
71	167
71	168
71	175
71	179
71	180
71	181
71	183
71	195
71	200
71	206
72	77
72	89
72	97
72	102
72	103
72	104
72	108
72	109
72	112
72	115
72	117
72	125
72	137
72	143
72	148
72	152
72	167
72	168
72	175
72	179
72	180
72	181
72	183
72	195
72	200
72	206
77	89
77	97
77	102
77	103
77	104
77	108
77	109
77	112
77	115
77	117
77	125
77	137
77	143
77	148
77	152
77	167
77	168
77	175
77	179
77	180
77	181
77	183
77	195
77	200
77	206
89	97
89	102
89	103
89	104
89	108
89	109
89	112
89	115
89	117
89	125
89	137
89	143
89	148
89	152
89	167
89	168
89	175
89	179
89	180
89	181
89	183
89	195
89	200
89	206
97	102
97	103
97	104
97	108
97	109
97	112
97	115
97	117
97	125
97	137
97	143
97	148
97	152
97	167
97	168
97	175
97	179
97	180
97	181
97	183
97	195
97	200
97	206
102	103
102	104
102	108
102	109
102	112
102	115
102	117
102	125
102	137
102	143
102	148
102	152
102	167
102	168
102	175
102	179
102	180
102	181
102	183
102	195
102	200
102	206
103	104
103	108
103	109
103	112
103	115
103	117
103	125
103	137
103	143
103	148
103	152
103	167
103	168
103	175
103	179
103	180
103	181
103	183
103	195
103	200
103	206
104	108
104	109
104	112
104	115
104	117
104	125
104	137
104	143
104	148
104	152
104	167
104	168
104	175
104	179
104	180
104	181
104	183
104	195
104	200
104	206
108	109
108	112
108	115
108	117
108	125
108	137
108	143
108	148
108	152
108	167
108	168
108	175
108	179
108	180
108	181
108	183
108	195
108	200
108	206
109	112
109	115
109	117
109	125
109	137
109	143
109	148
109	152
109	167
109	168
109	175
109	179
109	180
109	181
109	183
109	195
109	200
109	206
112	115
112	117
112	125
112	137
112	143
112	148
112	152
112	167
112	168
112	175
112	179
112	180
112	181
112	183
112	195
112	200
112	206
115	117
115	125
115	137
115	143
115	148
115	152
115	167
115	168
115	175
115	179
115	180
115	181
115	183
115	195
115	200
115	206
117	125
117	137
117	143
117	148
117	152
117	167
117	168
117	175
117	179
117	180
117	181
117	183
117	195
117	200
117	206
125	137
125	143
125	148
125	152
125	167
125	168
125	175
125	179
125	180
125	181
125	183
125	195
125	200
125	206
137	143
137	148
137	152
137	167
137	168
137	175
137	179
137	180
137	181
137	183
137	195
137	200
137	206
143	148
143	152
143	167
143	168
143	175
143	179
143	180
143	181
143	183
143	195
143	200
143	206
148	152
148	167
148	168
148	175
148	179
148	180
148	181
148	183
148	195
148	200
148	206
152	167
152	168
152	175
152	179
152	180
152	181
152	183
152	195
152	200
152	206
167	168
167	175
167	179
167	180
167	181
167	183
167	195
167	200
167	206
168	175
168	179
168	180
168	181
168	183
168	195
168	200
168	206
175	179
175	180
175	181
175	183
175	195
175	200
175	206
179	180
179	181
179	183
179	195
179	200
179	206
180	181
180	183
180	195
180	200
180	206
181	183
181	195
181	200
181	206
183	195
183	200
183	206
195	200
195	206
200	206
