6	7
6	8
6	21
6	22
6	29
6	30
6	31
6	36
6	39
6	65
6	71
6	72
6	75
6	76
6	77
6	78
6	85
6	89
6	99
6	103
6	104
6	109
6	111
6	112
6	115
6	117
6	118
6	129
6	138
6	140
6	148
6	152
6	154
6	156
6	168
6	175
6	177
6	180
6	195
6	196
6	200
6	206
7	8
7	21
7	22
7	29
7	30
7	31
7	36
7	39
7	65
7	71
7	72
7	75
7	76
7	77
7	78
7	85
7	89
7	99
7	103
7	104
7	109
7	111
7	112
7	115
7	117
7	118
7	129
7	138
7	140
7	148
7	152
7	154
7	156
7	168
7	175
7	177
7	180
7	195
7	196
7	200
7	206
8	21
8	22
8	29
8	30
8	31
8	36
8	39
8	65
8	71
8	72
8	75
8	76
8	77
8	78
8	85
8	89
8	99
8	103
8	104
8	109
8	111
8	112
8	115
8	117
8	118
8	129
8	138
8	140
8	148
8	152
8	154
8	156
8	168
8	175
8	177
8	180
8	195
8	196
8	200
8	206
21	22
21	29
21	30
21	31
21	36
21	39
21	65
21	71
21	72
21	75
21	76
21	77
21	78
21	85
21	89
21	99
21	103
21	104
21	109
21	111
21	112
21	115
21	117
21	118
21	129
21	138
21	140
21	148
21	152
21	154
21	156
21	168
21	175
21	177
21	180
21	195
21	196
21	200
21	206
22	29
22	30
22	31
22	36
22	39
22	65
22	71
22	72
22	75
22	76
22	77
22	78
22	85
22	89
22	99
22	103
22	104
22	109
22	111
22	112
22	115
22	117
22	118
22	129
22	138
22	140
22	148
22	152
22	154
22	156
22	168
22	175
22	177
22	180
22	195
22	196
22	200
22	206
29	30
29	31
29	36
29	39
29	65
29	71
29	72
29	75
29	76
29	77
29	78
29	85
29	89
29	99
29	103
29	104
29	109
29	111
29	112
29	115
29	117
29	118
29	129
29	138
29	140
29	148
29	152
29	154
29	156
29	168
29	175
29	177
29	180
29	195
29	196
29	200
29	206
30	31
30	36
30	39
30	65
30	71
30	72
30	75
30	76
30	77
30	78
30	85
30	89
30	99
30	103
30	104
30	109
30	111
30	112
30	115
30	117
30	118
30	129
30	138
30	140
30	148
30	152
30	154
30	156
30	168
30	175
30	177
30	180
30	195
30	196
30	200
30	206
31	36
31	39
31	65
31	71
31	72
31	75
31	76
31	77
31	78
31	85
31	89
31	99
31	103
31	104
31	109
31	111
31	112
31	115
31	117
31	118
31	129
31	138
31	140
31	148
31	152
31	154
31	156
31	168
31	175
31	177
31	180
31	195
31	196
31	200
31	206
36	39
36	65
36	71
36	72
36	75
36	76
36	77
36	78
36	85
36	89
36	99
36	103
36	104
36	109
36	111
36	112
36	115
36	117
36	118
36	129
36	138
36	140
36	148
36	152
36	154
36	156
36	168
36	175
36	177
36	180
36	195
36	196
36	200
36	206
39	65
39	71
39	72
39	75
39	76
39	77
39	78
39	85
39	89
39	99
39	103
39	104
39	109
39	111
39	112
39	115
39	117
39	118
39	129
39	138
39	140
39	148
39	152
39	154
39	156
39	168
39	175
39	177
39	180
39	195
39	196
39	200
39	206
65	71
65	72
65	75
65	76
65	77
65	78
65	85
65	89
65	99
65	103
65	104
65	109
65	111
65	112
65	115
65	117
65	118
65	129
65	138
65	140
65	148
65	152
65	154
65	156
65	168
65	175
65	177
65	180
65	195
65	196
65	200
65	206
71	72
71	75
71	76
71	77
71	78
71	85
71	89
71	99
71	103
71	104
71	109
71	111
71	112
71	115
71	117
71	118
71	129
71	138
71	140
71	148
71	152
71	154
71	156
71	168
71	175
71	177
71	180
71	195
71	196
71	200
71	206
72	75
72	76
72	77
72	78
72	85
72	89
72	99
72	103
72	104
72	109
72	111
72	112
72	115
72	117
72	118
72	129
72	138
72	140
72	148
72	152
72	154
72	156
72	168
72	175
72	177
72	180
72	195
72	196
72	200
72	206
75	76
75	77
75	78
75	85
75	89
75	99
75	103
75	104
75	109
75	111
75	112
75	115
75	117
75	118
75	129
75	138
75	140
75	148
75	152
75	154
75	156
75	168
75	175
75	177
75	180
75	195
75	196
75	200
75	206
76	77
76	78
76	85
76	89
76	99
76	103
76	104
76	109
76	111
76	112
76	115
76	117
76	118
76	129
76	138
76	140
76	148
76	152
76	154
76	156
76	168
76	175
76	177
76	180
76	195
76	196
76	200
76	206
77	78
77	85
77	89
77	99
77	103
77	104
77	109
77	111
77	112
77	115
77	117
77	118
77	129
77	138
77	140
77	148
77	152
77	154
77	156
77	168
77	175
77	177
77	180
77	195
77	196
77	200
77	206
78	85
78	89
78	99
78	103
78	104
78	109
78	111
78	112
78	115
78	117
78	118
78	129
78	138
78	140
78	148
78	152
78	154
78	156
78	168
78	175
78	177
78	180
78	195
78	196
78	200
78	206
85	89
85	99
85	103
85	104
85	109
85	111
85	112
85	115
85	117
85	118
85	129
85	138
85	140
85	148
85	152
85	154
85	156
85	168
85	175
85	177
85	180
85	195
85	196
85	200
85	206
89	99
89	103
89	104
89	109
89	111
89	112
89	115
89	117
89	118
89	129
89	138
89	140
89	148
89	152
89	154
89	156
89	168
89	175
89	177
89	180
89	195
89	196
89	200
89	206
99	103
99	104
99	109
99	111
99	112
99	115
99	117
99	118
99	129
99	138
99	140
99	148
99	152
99	154
99	156
99	168
99	175
99	177
99	180
99	195
99	196
99	200
99	206
103	104
103	109
103	111
103	112
103	115
103	117
103	118
103	129
103	138
103	140
103	148
103	152
103	154
103	156
103	168
103	175
103	177
103	180
103	195
103	196
103	200
103	206
104	109
104	111
104	112
104	115
104	117
104	118
104	129
104	138
104	140
104	148
104	152
104	154
104	156
104	168
104	175
104	177
104	180
104	195
104	196
104	200
104	206
109	111
109	112
109	115
109	117
109	118
109	129
109	138
109	140
109	148
109	152
109	154
109	156
109	168
109	175
109	177
109	180
109	195
109	196
109	200
109	206
111	112
111	115
111	117
111	118
111	129
111	138
111	140
111	148
111	152
111	154
111	156
111	168
111	175
111	177
111	180
111	195
111	196
111	200
111	206
112	115
112	117
112	118
112	129
112	138
112	140
112	148
112	152
112	154
112	156
112	168
112	175
112	177
112	180
112	195
112	196
112	200
112	206
115	117
115	118
115	129
115	138
115	140
115	148
115	152
115	154
115	156
115	168
115	175
115	177
115	180
115	195
115	196
115	200
115	206
117	118
117	129
117	138
117	140
117	148
117	152
117	154
117	156
117	168
117	175
117	177
117	180
117	195
117	196
117	200
117	206
118	129
118	138
118	140
118	148
118	152
118	154
118	156
118	168
118	175
118	177
118	180
118	195
118	196
118	200
118	206
129	138
129	140
129	148
129	152
129	154
129	156
129	168
129	175
129	177
129	180
129	195
129	196
129	200
129	206
138	140
138	148
138	152
138	154
138	156
138	168
138	175
138	177
138	180
138	195
138	196
138	200
138	206
140	148
140	152
140	154
140	156
140	168
140	175
140	177
140	180
140	195
140	196
140	200
140	206
148	152
148	154
148	156
148	168
148	175
148	177
148	180
148	195
148	196
148	200
148	206
152	154
152	156
152	168
152	175
152	177
152	180
152	195
152	196
152	200
152	206
154	156
154	168
154	175
154	177
154	180
154	195
154	196
154	200
154	206
156	168
156	175
156	177
156	180
156	195
156	196
156	200
156	206
168	175
168	177
168	180
168	195
168	196
168	200
168	206
175	177
175	180
175	195
175	196
175	200
175	206
177	180
177	195
177	196
177	200
177	206
180	195
180	196
180	200
180	206
195	196
195	200
195	206
196	200
196	206
200	206
