2	6
2	22
2	24
2	25
2	26
2	31
2	36
2	38
2	42
2	55
2	56
2	58
2	59
2	60
2	61
2	62
2	63
2	71
2	72
2	77
2	90
2	92
2	97
2	102
2	103
2	104
2	108
2	115
2	125
2	137
2	143
2	158
2	167
2	170
2	175
2	179
2	181
2	183
2	184
2	185
2	190
2	195
2	200
2	203
6	22
6	24
6	25
6	26
6	31
6	36
6	38
6	42
6	55
6	56
6	58
6	59
6	60
6	61
6	62
6	63
6	71
6	72
6	77
6	90
6	92
6	97
6	102
6	103
6	104
6	108
6	115
6	125
6	137
6	143
6	158
6	167
6	170
6	175
6	179
6	181
6	183
6	184
6	185
6	190
6	195
6	200
6	203
22	24
22	25
22	26
22	31
22	36
22	38
22	42
22	55
22	56
22	58
22	59
22	60
22	61
22	62
22	63
22	71
22	72
22	77
22	90
22	92
22	97
22	102
22	103
22	104
22	108
22	115
22	125
22	137
22	143
22	158
22	167
22	170
22	175
22	179
22	181
22	183
22	184
22	185
22	190
22	195
22	200
22	203
24	25
24	26
24	31
24	36
24	38
24	42
24	55
24	56
24	58
24	59
24	60
24	61
24	62
24	63
24	71
24	72
24	77
24	90
24	92
24	97
24	102
24	103
24	104
24	108
24	115
24	125
24	137
24	143
24	158
24	167
24	170
24	175
24	179
24	181
24	183
24	184
24	185
24	190
24	195
24	200
24	203
25	26
25	31
25	36
25	38
25	42
25	55
25	56
25	58
25	59
25	60
25	61
25	62
25	63
25	71
25	72
25	77
25	90
25	92
25	97
25	102
25	103
25	104
25	108
25	115
25	125
25	137
25	143
25	158
25	167
25	170
25	175
25	179
25	181
25	183
25	184
25	185
25	190
25	195
25	200
25	203
26	31
26	36
26	38
26	42
26	55
26	56
26	58
26	59
26	60
26	61
26	62
26	63
26	71
26	72
26	77
26	90
26	92
26	97
26	102
26	103
26	104
26	108
26	115
26	125
26	137
26	143
26	158
26	167
26	170
26	175
26	179
26	181
26	183
26	184
26	185
26	190
26	195
26	200
26	203
31	36
31	38
31	42
31	55
31	56
31	58
31	59
31	60
31	61
31	62
31	63
31	71
31	72
31	77
31	90
31	92
31	97
31	102
31	103
31	104
31	108
31	115
31	125
31	137
31	143
31	158
31	167
31	170
31	175
31	179
31	181
31	183
31	184
31	185
31	190
31	195
31	200
31	203
36	38
36	42
36	55
36	56
36	58
36	59
36	60
36	61
36	62
36	63
36	71
36	72
36	77
36	90
36	92
36	97
36	102
36	103
36	104
36	108
36	115
36	125
36	137
36	143
36	158
36	167
36	170
36	175
36	179
36	181
36	183
36	184
36	185
36	190
36	195
36	200
36	203
38	42
38	55
38	56
38	58
38	59
38	60
38	61
38	62
38	63
38	71
38	72
38	77
38	90
38	92
38	97
38	102
38	103
38	104
38	108
38	115
38	125
38	137
38	143
38	158
38	167
38	170
38	175
38	179
38	181
38	183
38	184
38	185
38	190
38	195
38	200
38	203
42	55
42	56
42	58
42	59
42	60
42	61
42	62
42	63
42	71
42	72
42	77
42	90
42	92
42	97
42	102
42	103
42	104
42	108
42	115
42	125
42	137
42	143
42	158
42	167
42	170
42	175
42	179
42	181
42	183
42	184
42	185
42	190
42	195
42	200
42	203
55	56
55	58
55	59
55	60
55	61
55	62
55	63
55	71
55	72
55	77
55	90
55	92
55	97
55	102
55	103
55	104
55	108
55	115
55	125
55	137
55	143
55	158
55	167
55	170
55	175
55	179
55	181
55	183
55	184
55	185
55	190
55	195
55	200
55	203
56	58
56	59
56	60
56	61
56	62
56	63
56	71
56	72
56	77
56	90
56	92
56	97
56	102
56	103
56	104
56	108
56	115
56	125
56	137
56	143
56	158
56	167
56	170
56	175
56	179
56	181
56	183
56	184
56	185
56	190
56	195
56	200
56	203
58	59
58	60
58	61
58	62
58	63
58	71
58	72
58	77
58	90
58	92
58	97
58	102
58	103
58	104
58	108
58	115
58	125
58	137
58	143
58	158
58	167
58	170
58	175
58	179
58	181
58	183
58	184
58	185
58	190
58	195
58	200
58	203
59	60
59	61
59	62
59	63
59	71
59	72
59	77
59	90
59	92
59	97
59	102
59	103
59	104
59	108
59	115
59	125
59	137
59	143
59	158
59	167
59	170
59	175
59	179
59	181
59	183
59	184
59	185
59	190
59	195
59	200
59	203
60	61
60	62
60	63
60	71
60	72
60	77
60	90
60	92
60	97
60	102
60	103
60	104
60	108
60	115
60	125
60	137
60	143
60	158
60	167
60	170
60	175
60	179
60	181
60	183
60	184
60	185
60	190
60	195
60	200
60	203
61	62
61	63
61	71
61	72
61	77
61	90
61	92
61	97
61	102
61	103
61	104
61	108
61	115
61	125
61	137
61	143
61	158
61	167
61	170
61	175
61	179
61	181
61	183
61	184
61	185
61	190
61	195
61	200
61	203
62	63
62	71
62	72
62	77
62	90
62	92
62	97
62	102
62	103
62	104
62	108
62	115
62	125
62	137
62	143
62	158
62	167
62	170
62	175
62	179
62	181
62	183
62	184
62	185
62	190
62	195
62	200
62	203
63	71
63	72
63	77
63	90
63	92
63	97
63	102
63	103
63	104
63	108
63	115
63	125
63	137
63	143
63	158
63	167
63	170
63	175
63	179
63	181
63	183
63	184
63	185
63	190
63	195
63	200
63	203
71	72
71	77
71	90
71	92
71	97
71	102
71	103
71	104
71	108
71	115
71	125
71	137
71	143
71	158
71	167
71	170
71	175
71	179
71	181
71	183
71	184
71	185
71	190
71	195
71	200
71	203
72	77
72	90
72	92
72	97
72	102
72	103
72	104
72	108
72	115
72	125
72	137
72	143
72	158
72	167
72	170
72	175
72	179
72	181
72	183
72	184
72	185
72	190
72	195
72	200
72	203
77	90
77	92
77	97
77	102
77	103
77	104
77	108
77	115
77	125
77	137
77	143
77	158
77	167
77	170
77	175
77	179
77	181
77	183
77	184
77	185
77	190
77	195
77	200
77	203
90	92
90	97
90	102
90	103
90	104
90	108
90	115
90	125
90	137
90	143
90	158
90	167
90	170
90	175
90	179
90	181
90	183
90	184
90	185
90	190
90	195
90	200
90	203
92	97
92	102
92	103
92	104
92	108
92	115
92	125
92	137
92	143
92	158
92	167
92	170
92	175
92	179
92	181
92	183
92	184
92	185
92	190
92	195
92	200
92	203
97	102
97	103
97	104
97	108
97	115
97	125
97	137
97	143
97	158
97	167
97	170
97	175
97	179
97	181
97	183
97	184
97	185
97	190
97	195
97	200
97	203
102	103
102	104
102	108
102	115
102	125
102	137
102	143
102	158
102	167
102	170
102	175
102	179
102	181
102	183
102	184
102	185
102	190
102	195
102	200
102	203
103	104
103	108
103	115
103	125
103	137
103	143
103	158
103	167
103	170
103	175
103	179
103	181
103	183
103	184
103	185
103	190
103	195
103	200
103	203
104	108
104	115
104	125
104	137
104	143
104	158
104	167
104	170
104	175
104	179
104	181
104	183
104	184
104	185
104	190
104	195
104	200
104	203
108	115
108	125
108	137
108	143
108	158
108	167
108	170
108	175
108	179
108	181
108	183
108	184
108	185
108	190
108	195
108	200
108	203
115	125
115	137
115	143
115	158
115	167
115	170
115	175
115	179
115	181
115	183
115	184
115	185
115	190
115	195
115	200
115	203
125	137
125	143
125	158
125	167
125	170
125	175
125	179
125	181
125	183
125	184
125	185
125	190
125	195
125	200
125	203
137	143
137	158
137	167
137	170
137	175
137	179
137	181
137	183
137	184
137	185
137	190
137	195
137	200
137	203
143	158
143	167
143	170
143	175
143	179
143	181
143	183
143	184
143	185
143	190
143	195
143	200
143	203
158	167
158	170
158	175
158	179
158	181
158	183
158	184
158	185
158	190
158	195
158	200
158	203
167	170
167	175
167	179
167	181
167	183
167	184
167	185
167	190
167	195
167	200
167	203
170	175
170	179
170	181
170	183
170	184
170	185
170	190
170	195
170	200
170	203
175	179
175	181
175	183
175	184
175	185
175	190
175	195
175	200
175	203
179	181
179	183
179	184
179	185
179	190
179	195
179	200
179	203
181	183
181	184
181	185
181	190
181	195
181	200
181	203
183	184
183	185
183	190
183	195
183	200
183	203
184	185
184	190
184	195
184	200
184	203
185	190
185	195
185	200
185	203
190	195
190	200
190	203
195	200
195	203
200	203
