6	7
6	8
6	19
6	21
6	24
6	25
6	26
6	30
6	35
6	36
6	40
6	41
6	64
6	66
6	67
6	68
6	72
6	73
6	77
6	85
6	95
6	96
6	97
6	103
6	104
6	109
6	111
6	112
6	115
6	116
6	127
6	128
6	142
6	148
6	152
6	156
6	161
6	176
6	180
6	183
6	184
6	190
6	196
6	200
7	8
7	19
7	21
7	24
7	25
7	26
7	30
7	35
7	36
7	40
7	41
7	64
7	66
7	67
7	68
7	72
7	73
7	77
7	85
7	95
7	96
7	97
7	103
7	104
7	109
7	111
7	112
7	115
7	116
7	127
7	128
7	142
7	148
7	152
7	156
7	161
7	176
7	180
7	183
7	184
7	190
7	196
7	200
8	19
8	21
8	24
8	25
8	26
8	30
8	35
8	36
8	40
8	41
8	64
8	66
8	67
8	68
8	72
8	73
8	77
8	85
8	95
8	96
8	97
8	103
8	104
8	109
8	111
8	112
8	115
8	116
8	127
8	128
8	142
8	148
8	152
8	156
8	161
8	176
8	180
8	183
8	184
8	190
8	196
8	200
19	21
19	24
19	25
19	26
19	30
19	35
19	36
19	40
19	41
19	64
19	66
19	67
19	68
19	72
19	73
19	77
19	85
19	95
19	96
19	97
19	103
19	104
19	109
19	111
19	112
19	115
19	116
19	127
19	128
19	142
19	148
19	152
19	156
19	161
19	176
19	180
19	183
19	184
19	190
19	196
19	200
21	24
21	25
21	26
21	30
21	35
21	36
21	40
21	41
21	64
21	66
21	67
21	68
21	72
21	73
21	77
21	85
21	95
21	96
21	97
21	103
21	104
21	109
21	111
21	112
21	115
21	116
21	127
21	128
21	142
21	148
21	152
21	156
21	161
21	176
21	180
21	183
21	184
21	190
21	196
21	200
24	25
24	26
24	30
24	35
24	36
24	40
24	41
24	64
24	66
24	67
24	68
24	72
24	73
24	77
24	85
24	95
24	96
24	97
24	103
24	104
24	109
24	111
24	112
24	115
24	116
24	127
24	128
24	142
24	148
24	152
24	156
24	161
24	176
24	180
24	183
24	184
24	190
24	196
24	200
25	26
25	30
25	35
25	36
25	40
25	41
25	64
25	66
25	67
25	68
25	72
25	73
25	77
25	85
25	95
25	96
25	97
25	103
25	104
25	109
25	111
25	112
25	115
25	116
25	127
25	128
25	142
25	148
25	152
25	156
25	161
25	176
25	180
25	183
25	184
25	190
25	196
25	200
26	30
26	35
26	36
26	40
26	41
26	64
26	66
26	67
26	68
26	72
26	73
26	77
26	85
26	95
26	96
26	97
26	103
26	104
26	109
26	111
26	112
26	115
26	116
26	127
26	128
26	142
26	148
26	152
26	156
26	161
26	176
26	180
26	183
26	184
26	190
26	196
26	200
30	35
30	36
30	40
30	41
30	64
30	66
30	67
30	68
30	72
30	73
30	77
30	85
30	95
30	96
30	97
30	103
30	104
30	109
30	111
30	112
30	115
30	116
30	127
30	128
30	142
30	148
30	152
30	156
30	161
30	176
30	180
30	183
30	184
30	190
30	196
30	200
35	36
35	40
35	41
35	64
35	66
35	67
35	68
35	72
35	73
35	77
35	85
35	95
35	96
35	97
35	103
35	104
35	109
35	111
35	112
35	115
35	116
35	127
35	128
35	142
35	148
35	152
35	156
35	161
35	176
35	180
35	183
35	184
35	190
35	196
35	200
36	40
36	41
36	64
36	66
36	67
36	68
36	72
36	73
36	77
36	85
36	95
36	96
36	97
36	103
36	104
36	109
36	111
36	112
36	115
36	116
36	127
36	128
36	142
36	148
36	152
36	156
36	161
36	176
36	180
36	183
36	184
36	190
36	196
36	200
40	41
40	64
40	66
40	67
40	68
40	72
40	73
40	77
40	85
40	95
40	96
40	97
40	103
40	104
40	109
40	111
40	112
40	115
40	116
40	127
40	128
40	142
40	148
40	152
40	156
40	161
40	176
40	180
40	183
40	184
40	190
40	196
40	200
41	64
41	66
41	67
41	68
41	72
41	73
41	77
41	85
41	95
41	96
41	97
41	103
41	104
41	109
41	111
41	112
41	115
41	116
41	127
41	128
41	142
41	148
41	152
41	156
41	161
41	176
41	180
41	183
41	184
41	190
41	196
41	200
64	66
64	67
64	68
64	72
64	73
64	77
64	85
64	95
64	96
64	97
64	103
64	104
64	109
64	111
64	112
64	115
64	116
64	127
64	128
64	142
64	148
64	152
64	156
64	161
64	176
64	180
64	183
64	184
64	190
64	196
64	200
66	67
66	68
66	72
66	73
66	77
66	85
66	95
66	96
66	97
66	103
66	104
66	109
66	111
66	112
66	115
66	116
66	127
66	128
66	142
66	148
66	152
66	156
66	161
66	176
66	180
66	183
66	184
66	190
66	196
66	200
67	68
67	72
67	73
67	77
67	85
67	95
67	96
67	97
67	103
67	104
67	109
67	111
67	112
67	115
67	116
67	127
67	128
67	142
67	148
67	152
67	156
67	161
67	176
67	180
67	183
67	184
67	190
67	196
67	200
68	72
68	73
68	77
68	85
68	95
68	96
68	97
68	103
68	104
68	109
68	111
68	112
68	115
68	116
68	127
68	128
68	142
68	148
68	152
68	156
68	161
68	176
68	180
68	183
68	184
68	190
68	196
68	200
72	73
72	77
72	85
72	95
72	96
72	97
72	103
72	104
72	109
72	111
72	112
72	115
72	116
72	127
72	128
72	142
72	148
72	152
72	156
72	161
72	176
72	180
72	183
72	184
72	190
72	196
72	200
73	77
73	85
73	95
73	96
73	97
73	103
73	104
73	109
73	111
73	112
73	115
73	116
73	127
73	128
73	142
73	148
73	152
73	156
73	161
73	176
73	180
73	183
73	184
73	190
73	196
73	200
77	85
77	95
77	96
77	97
77	103
77	104
77	109
77	111
77	112
77	115
77	116
77	127
77	128
77	142
77	148
77	152
77	156
77	161
77	176
77	180
77	183
77	184
77	190
77	196
77	200
85	95
85	96
85	97
85	103
85	104
85	109
85	111
85	112
85	115
85	116
85	127
85	128
85	142
85	148
85	152
85	156
85	161
85	176
85	180
85	183
85	184
85	190
85	196
85	200
95	96
95	97
95	103
95	104
95	109
95	111
95	112
95	115
95	116
95	127
95	128
95	142
95	148
95	152
95	156
95	161
95	176
95	180
95	183
95	184
95	190
95	196
95	200
96	97
96	103
96	104
96	109
96	111
96	112
96	115
96	116
96	127
96	128
96	142
96	148
96	152
96	156
96	161
96	176
96	180
96	183
96	184
96	190
96	196
96	200
97	103
97	104
97	109
97	111
97	112
97	115
97	116
97	127
97	128
97	142
97	148
97	152
97	156
97	161
97	176
97	180
97	183
97	184
97	190
97	196
97	200
103	104
103	109
103	111
103	112
103	115
103	116
103	127
103	128
103	142
103	148
103	152
103	156
103	161
103	176
103	180
103	183
103	184
103	190
103	196
103	200
104	109
104	111
104	112
104	115
104	116
104	127
104	128
104	142
104	148
104	152
104	156
104	161
104	176
104	180
104	183
104	184
104	190
104	196
104	200
109	111
109	112
109	115
109	116
109	127
109	128
109	142
109	148
109	152
109	156
109	161
109	176
109	180
109	183
109	184
109	190
109	196
109	200
111	112
111	115
111	116
111	127
111	128
111	142
111	148
111	152
111	156
111	161
111	176
111	180
111	183
111	184
111	190
111	196
111	200
112	115
112	116
112	127
112	128
112	142
112	148
112	152
112	156
112	161
112	176
112	180
112	183
112	184
112	190
112	196
112	200
115	116
115	127
115	128
115	142
115	148
115	152
115	156
115	161
115	176
115	180
115	183
115	184
115	190
115	196
115	200
116	127
116	128
116	142
116	148
116	152
116	156
116	161
116	176
116	180
116	183
116	184
116	190
116	196
116	200
127	128
127	142
127	148
127	152
127	156
127	161
127	176
127	180
127	183
127	184
127	190
127	196
127	200
128	142
128	148
128	152
128	156
128	161
128	176
128	180
128	183
128	184
128	190
128	196
128	200
142	148
142	152
142	156
142	161
142	176
142	180
142	183
142	184
142	190
142	196
142	200
148	152
148	156
148	161
148	176
148	180
148	183
148	184
148	190
148	196
148	200
152	156
152	161
152	176
152	180
152	183
152	184
152	190
152	196
152	200
156	161
156	176
156	180
156	183
156	184
156	190
156	196
156	200
161	176
161	180
161	183
161	184
161	190
161	196
161	200
176	180
176	183
176	184
176	190
176	196
176	200
180	183
180	184
180	190
180	196
180	200
183	184
183	190
183	196
183	200
184	190
184	196
184	200
190	196
190	200
196	200
